This file contains any messages produced by compilers while
running configure, to aid debugging if configure makes a mistake.

It was created by configure, which was
generated by GNU Autoconf 2.68.  Invocation command line was

  $ ./configure 

## --------- ##
## Platform. ##
## --------- ##

hostname = linux-ne7a
uname -m = x86_64
uname -r = 2.6.34-12-desktop
uname -s = Linux
uname -v = #1 SMP PREEMPT 2010-06-29 02:39:08 +0200

/usr/bin/uname -p = unknown
/bin/uname -X     = unknown

/bin/arch              = x86_64
/usr/bin/arch -k       = unknown
/usr/convex/getsysinfo = unknown
/usr/bin/hostinfo      = unknown
/bin/machine           = unknown
/usr/bin/oslevel       = unknown
/bin/universe          = unknown

PATH: /home/ma-11.3/MCF/MCF-0.2-U/Bin/of201
PATH: /home/ma-11.3/MCF/MCF-0.2-U/Bin-Utils/of201
PATH: /home/ma-11.3/MCF/MCF-0.2-U/ThirdParty/bin
PATH: /home/ma-11.3/OpenFOAM/ThirdParty-2.0.1/platforms/linux64Gcc/paraview-3.10.1/bin
PATH: /home/ma-11.3/OpenFOAM/ThirdParty-2.0.1/platforms/linux64Gcc/openmpi-1.5.3/bin
PATH: /home/ma-11.3/OpenFOAM/ma-11.3-2.0.1/platforms/linux64GccDPOpt/bin
PATH: /home/ma-11.3/OpenFOAM/site/2.0.1/platforms/linux64GccDPOpt/bin
PATH: /home/ma-11.3/OpenFOAM/OpenFOAM-2.0.1/platforms/linux64GccDPOpt/bin
PATH: /home/ma-11.3/OpenFOAM/OpenFOAM-2.0.1/bin
PATH: /home/ma-11.3/OpenFOAM/OpenFOAM-2.0.1/wmake
PATH: /home/ma-11.3/MCF/MCF-0.2-U/Bin/of201
PATH: /home/ma-11.3/MCF/MCF-0.2-U/Bin-Utils/of201
PATH: /home/ma-11.3/MCF/MCF-0.2-U/ThirdParty/bin
PATH: /home/ma-11.3/bin
PATH: /usr/local/bin
PATH: /usr/bin
PATH: /bin
PATH: /usr/bin/X11
PATH: /usr/X11R6/bin
PATH: /usr/games
PATH: /opt/kde3/bin


## ----------- ##
## Core tests. ##
## ----------- ##

configure:2735: checking build system type
configure:2749: result: x86_64-unknown-linux-gnu
configure:2769: checking host system type
configure:2782: result: x86_64-unknown-linux-gnu
configure:2875: checking for gcc
configure:2891: found /usr/bin/gcc
configure:2902: result: gcc
configure:3131: checking for C compiler version
configure:3140: gcc --version >&5
gcc (SUSE Linux) 4.5.0 20100604 [gcc-4_5-branch revision 160292]
Copyright (C) 2010 Free Software Foundation, Inc.
This is free software; see the source for copying conditions.  There is NO
warranty; not even for MERCHANTABILITY or FITNESS FOR A PARTICULAR PURPOSE.

configure:3151: $? = 0
configure:3140: gcc -v >&5
Using built-in specs.
COLLECT_GCC=gcc
COLLECT_LTO_WRAPPER=/usr/lib64/gcc/x86_64-suse-linux/4.5/lto-wrapper
Target: x86_64-suse-linux
Configured with: ../configure --prefix=/usr --infodir=/usr/share/info --mandir=/usr/share/man --libdir=/usr/lib64 --libexecdir=/usr/lib64 --enable-languages=c,c++,objc,fortran,obj-c++,java,ada --enable-checking=release --with-gxx-include-dir=/usr/include/c++/4.5 --enable-ssp --disable-libssp --disable-plugin --with-bugurl=http://bugs.opensuse.org/ --with-pkgversion='SUSE Linux' --disable-libgcj --disable-libmudflap --with-slibdir=/lib64 --with-system-zlib --enable-__cxa_atexit --enable-libstdcxx-allocator=new --disable-libstdcxx-pch --enable-version-specific-runtime-libs --program-suffix=-4.5 --enable-linux-futex --without-system-libunwind --enable-gold --with-plugin-ld=/usr/bin/gold --with-arch-32=i586 --with-tune=generic --build=x86_64-suse-linux
Thread model: posix
gcc version 4.5.0 20100604 [gcc-4_5-branch revision 160292] (SUSE Linux) 
configure:3151: $? = 0
configure:3140: gcc -V >&5
gcc: '-V' option must have argument
configure:3151: $? = 1
configure:3140: gcc -qversion >&5
gcc: unrecognized option '-qversion'
gcc: no input files
configure:3151: $? = 1
configure:3171: checking whether the C compiler works
configure:3193: gcc -fPIC -Wimplicit -Wreturn-type -Wno-write-strings -Wformat -O -fomit-frame-pointer    conftest.c  >&5
configure:3197: $? = 0
configure:3245: result: yes
configure:3248: checking for C compiler default output file name
configure:3250: result: a.out
configure:3256: checking for suffix of executables
configure:3263: gcc -o conftest -fPIC -Wimplicit -Wreturn-type -Wno-write-strings -Wformat -O -fomit-frame-pointer    conftest.c  >&5
configure:3267: $? = 0
configure:3289: result: 
configure:3311: checking whether we are cross compiling
configure:3319: gcc -o conftest -fPIC -Wimplicit -Wreturn-type -Wno-write-strings -Wformat -O -fomit-frame-pointer    conftest.c  >&5
configure:3323: $? = 0
configure:3330: ./conftest
configure:3334: $? = 0
configure:3349: result: no
configure:3354: checking for suffix of object files
configure:3376: gcc -c -fPIC -Wimplicit -Wreturn-type -Wno-write-strings -Wformat -O -fomit-frame-pointer   conftest.c >&5
configure:3380: $? = 0
configure:3401: result: o
configure:3405: checking whether we are using the GNU C compiler
configure:3424: gcc -c -fPIC -Wimplicit -Wreturn-type -Wno-write-strings -Wformat -O -fomit-frame-pointer   conftest.c >&5
configure:3424: $? = 0
configure:3433: result: yes
configure:3442: checking whether gcc accepts -g
configure:3462: gcc -c -g  conftest.c >&5
configure:3462: $? = 0
configure:3503: result: yes
configure:3520: checking for gcc option to accept ISO C89
configure:3584: gcc  -c -fPIC -Wimplicit -Wreturn-type -Wno-write-strings -Wformat -O -fomit-frame-pointer   conftest.c >&5
configure:3584: $? = 0
configure:3597: result: none needed
configure:3675: checking for g++
configure:3691: found /usr/bin/g++
configure:3702: result: g++
configure:3729: checking for C++ compiler version
configure:3738: g++ --version >&5
g++ (SUSE Linux) 4.5.0 20100604 [gcc-4_5-branch revision 160292]
Copyright (C) 2010 Free Software Foundation, Inc.
This is free software; see the source for copying conditions.  There is NO
warranty; not even for MERCHANTABILITY or FITNESS FOR A PARTICULAR PURPOSE.

configure:3749: $? = 0
configure:3738: g++ -v >&5
Using built-in specs.
COLLECT_GCC=g++
COLLECT_LTO_WRAPPER=/usr/lib64/gcc/x86_64-suse-linux/4.5/lto-wrapper
Target: x86_64-suse-linux
Configured with: ../configure --prefix=/usr --infodir=/usr/share/info --mandir=/usr/share/man --libdir=/usr/lib64 --libexecdir=/usr/lib64 --enable-languages=c,c++,objc,fortran,obj-c++,java,ada --enable-checking=release --with-gxx-include-dir=/usr/include/c++/4.5 --enable-ssp --disable-libssp --disable-plugin --with-bugurl=http://bugs.opensuse.org/ --with-pkgversion='SUSE Linux' --disable-libgcj --disable-libmudflap --with-slibdir=/lib64 --with-system-zlib --enable-__cxa_atexit --enable-libstdcxx-allocator=new --disable-libstdcxx-pch --enable-version-specific-runtime-libs --program-suffix=-4.5 --enable-linux-futex --without-system-libunwind --enable-gold --with-plugin-ld=/usr/bin/gold --with-arch-32=i586 --with-tune=generic --build=x86_64-suse-linux
Thread model: posix
gcc version 4.5.0 20100604 [gcc-4_5-branch revision 160292] (SUSE Linux) 
configure:3749: $? = 0
configure:3738: g++ -V >&5
g++: '-V' option must have argument
configure:3749: $? = 1
configure:3738: g++ -qversion >&5
g++: unrecognized option '-qversion'
g++: no input files
configure:3749: $? = 1
configure:3753: checking whether we are using the GNU C++ compiler
configure:3772: g++ -c -fPIC -fPIC -Wimplicit -Wreturn-type -Wno-write-strings -Wformat -O -fomit-frame-pointer   conftest.cpp >&5
configure:3772: $? = 0
configure:3781: result: yes
configure:3790: checking whether g++ accepts -g
configure:3810: g++ -c -g  conftest.cpp >&5
configure:3810: $? = 0
configure:3851: result: yes
configure:3877: checking whether gcc supports lazy variable declaration
gcc.2.95.m4:19: gcc  -fPIC -Wimplicit -Wreturn-type -Wno-write-strings -Wformat -O -fomit-frame-pointer  conftest.c -o conftest
configure:3896: result: yes
configure:3936: checking how to run the C preprocessor
configure:3967: gcc -E  conftest.c
configure:3967: $? = 0
configure:3981: gcc -E  conftest.c
conftest.c:9:28: fatal error: ac_nonexistent.h: No such file or directory
compilation terminated.
configure:3981: $? = 1
configure: failed program was:
| /* confdefs.h */
| #define PACKAGE_NAME ""
| #define PACKAGE_TARNAME ""
| #define PACKAGE_VERSION ""
| #define PACKAGE_STRING ""
| #define PACKAGE_BUGREPORT ""
| #define PACKAGE_URL ""
| /* end confdefs.h.  */
| #include <ac_nonexistent.h>
configure:4006: result: gcc -E
configure:4026: gcc -E  conftest.c
configure:4026: $? = 0
configure:4040: gcc -E  conftest.c
conftest.c:9:28: fatal error: ac_nonexistent.h: No such file or directory
compilation terminated.
configure:4040: $? = 1
configure: failed program was:
| /* confdefs.h */
| #define PACKAGE_NAME ""
| #define PACKAGE_TARNAME ""
| #define PACKAGE_VERSION ""
| #define PACKAGE_STRING ""
| #define PACKAGE_BUGREPORT ""
| #define PACKAGE_URL ""
| /* end confdefs.h.  */
| #include <ac_nonexistent.h>
configure:4112: checking for ranlib
configure:4128: found /usr/bin/ranlib
configure:4139: result: ranlib
configure:4161: checking whether make sets $(MAKE)
configure:4183: result: yes
configure:4206: checking for a BSD-compatible install
configure:4274: result: /usr/bin/install -c
configure:4285: checking whether ln -s works
configure:4289: result: yes
configure:4300: checking for gzip
configure:4316: found /usr/bin/gzip
configure:4327: result: gzip
configure:4358: checking for target system
configure:4414: result: 
configure:4472: checking for sin in -lm
configure:4497: gcc -o conftest -fPIC -Wimplicit -Wreturn-type -Wno-write-strings -Wformat -O -fomit-frame-pointer    -L/usr/local/lib conftest.c -lm   >&5
conftest.c:18:6: warning: conflicting types for built-in function 'sin'
configure:4497: $? = 0
configure:4506: result: yes
configure:4521: checking for deflate in -lz
configure:4546: gcc -o conftest -fPIC -Wimplicit -Wreturn-type -Wno-write-strings -Wformat -O -fomit-frame-pointer    -L/usr/local/lib conftest.c -lz  -lm  >&5
configure:4546: $? = 0
configure:4555: result: yes
configure:4577: checking for PDF_open_file in -lpdf
configure:4602: gcc -o conftest -fPIC -Wimplicit -Wreturn-type -Wno-write-strings -Wformat -O -fomit-frame-pointer    -L/usr/local/lib conftest.c -lpdf  -lz -lm  >&5
/usr/lib64/gcc/x86_64-suse-linux/4.5/../../../../x86_64-suse-linux/bin/ld: cannot find -lpdf
collect2: ld returned 1 exit status
configure:4602: $? = 1
configure: failed program was:
| /* confdefs.h */
| #define PACKAGE_NAME ""
| #define PACKAGE_TARNAME ""
| #define PACKAGE_VERSION ""
| #define PACKAGE_STRING ""
| #define PACKAGE_BUGREPORT ""
| #define PACKAGE_URL ""
| #define LINUX 1
| #define O_BINARY 0
| #define HAVE_LIBM 1
| #define HAVE_LIBZ 1
| /* end confdefs.h.  */
| 
| /* Override any GCC internal prototype to avoid an error.
|    Use char because int might match the return type of a GCC
|    builtin and then its argument prototype would still apply.  */
| #ifdef __cplusplus
| extern "C"
| #endif
| char PDF_open_file ();
| int
| main ()
| {
| return PDF_open_file ();
|   ;
|   return 0;
| }
configure:4611: result: no
configure:4624: checking for jpeg_write_raw_data in -ljpeg
configure:4649: gcc -o conftest -fPIC -Wimplicit -Wreturn-type -Wno-write-strings -Wformat -O -fomit-frame-pointer    -L/usr/local/lib conftest.c -ljpeg  -lz -lm  >&5
configure:4649: $? = 0
configure:4658: result: yes
configure:4671: checking for DGifOpen in -lungif
configure:4696: gcc -o conftest -fPIC -Wimplicit -Wreturn-type -Wno-write-strings -Wformat -O -fomit-frame-pointer    -L/usr/local/lib conftest.c -lungif  -ljpeg -lz -lm  >&5
/usr/lib64/gcc/x86_64-suse-linux/4.5/../../../../x86_64-suse-linux/bin/ld: cannot find -lungif
collect2: ld returned 1 exit status
configure:4696: $? = 1
configure: failed program was:
| /* confdefs.h */
| #define PACKAGE_NAME ""
| #define PACKAGE_TARNAME ""
| #define PACKAGE_VERSION ""
| #define PACKAGE_STRING ""
| #define PACKAGE_BUGREPORT ""
| #define PACKAGE_URL ""
| #define LINUX 1
| #define O_BINARY 0
| #define HAVE_LIBM 1
| #define HAVE_LIBZ 1
| #define HAVE_LIBJPEG 1
| /* end confdefs.h.  */
| 
| /* Override any GCC internal prototype to avoid an error.
|    Use char because int might match the return type of a GCC
|    builtin and then its argument prototype would still apply.  */
| #ifdef __cplusplus
| extern "C"
| #endif
| char DGifOpen ();
| int
| main ()
| {
| return DGifOpen ();
|   ;
|   return 0;
| }
configure:4705: result: no
configure:4720: checking for DGifOpen in -lgif
configure:4745: gcc -o conftest -fPIC -Wimplicit -Wreturn-type -Wno-write-strings -Wformat -O -fomit-frame-pointer    -L/usr/local/lib conftest.c -lgif  -ljpeg -lz -lm  >&5
/usr/lib64/gcc/x86_64-suse-linux/4.5/../../../../x86_64-suse-linux/bin/ld: cannot find -lgif
collect2: ld returned 1 exit status
configure:4745: $? = 1
configure: failed program was:
| /* confdefs.h */
| #define PACKAGE_NAME ""
| #define PACKAGE_TARNAME ""
| #define PACKAGE_VERSION ""
| #define PACKAGE_STRING ""
| #define PACKAGE_BUGREPORT ""
| #define PACKAGE_URL ""
| #define LINUX 1
| #define O_BINARY 0
| #define HAVE_LIBM 1
| #define HAVE_LIBZ 1
| #define HAVE_LIBJPEG 1
| /* end confdefs.h.  */
| 
| /* Override any GCC internal prototype to avoid an error.
|    Use char because int might match the return type of a GCC
|    builtin and then its argument prototype would still apply.  */
| #ifdef __cplusplus
| extern "C"
| #endif
| char DGifOpen ();
| int
| main ()
| {
| return DGifOpen ();
|   ;
|   return 0;
| }
configure:4754: result: no
configure:4768: checking for zzip_file_open in -lzzip
configure:4793: gcc -o conftest -fPIC -Wimplicit -Wreturn-type -Wno-write-strings -Wformat -O -fomit-frame-pointer    -L/usr/local/lib conftest.c -lzzip  -ljpeg -lz -lm  >&5
/usr/lib64/gcc/x86_64-suse-linux/4.5/../../../../x86_64-suse-linux/bin/ld: cannot find -lzzip
collect2: ld returned 1 exit status
configure:4793: $? = 1
configure: failed program was:
| /* confdefs.h */
| #define PACKAGE_NAME ""
| #define PACKAGE_TARNAME ""
| #define PACKAGE_VERSION ""
| #define PACKAGE_STRING ""
| #define PACKAGE_BUGREPORT ""
| #define PACKAGE_URL ""
| #define LINUX 1
| #define O_BINARY 0
| #define HAVE_LIBM 1
| #define HAVE_LIBZ 1
| #define HAVE_LIBJPEG 1
| /* end confdefs.h.  */
| 
| /* Override any GCC internal prototype to avoid an error.
|    Use char because int might match the return type of a GCC
|    builtin and then its argument prototype would still apply.  */
| #ifdef __cplusplus
| extern "C"
| #endif
| char zzip_file_open ();
| int
| main ()
| {
| return zzip_file_open ();
|   ;
|   return 0;
| }
configure:4802: result: no
configure:4816: checking target system type
configure:4829: result: x86_64-unknown-linux-gnu
configure:4856: checking for byte order
configure:4871: gcc -o conftest -fPIC -Wimplicit -Wreturn-type -Wno-write-strings -Wformat -O -fomit-frame-pointer    -L/usr/local/lib conftest.c -ljpeg -lz -lm  >&5
configure:4871: $? = 0
configure:4871: ./conftest
configure:4871: $? = 1
configure: program exited with status 1
configure: failed program was:
| /* confdefs.h */
| #define PACKAGE_NAME ""
| #define PACKAGE_TARNAME ""
| #define PACKAGE_VERSION ""
| #define PACKAGE_STRING ""
| #define PACKAGE_BUGREPORT ""
| #define PACKAGE_URL ""
| #define LINUX 1
| #define O_BINARY 0
| #define HAVE_LIBM 1
| #define HAVE_LIBZ 1
| #define HAVE_LIBJPEG 1
| /* end confdefs.h.  */
| 
| int main (int argc, char *argv[])
| {
|     int i = 1;
|     return *(char*)&i;
| }
| 
configure:4900: result: little endian
configure:4924: checking whether system() can handle command substitution
configure:4939: gcc -o conftest -fPIC -Wimplicit -Wreturn-type -Wno-write-strings -Wformat -O -fomit-frame-pointer    -L/usr/local/lib conftest.c -ljpeg -lz -lm  >&5
configure:4939: $? = 0
configure:4939: ./conftest
configure:4939: $? = 0
configure:4956: result: yes
configure:4986: checking for dirent.h that defines DIR
configure:5005: gcc -c -fPIC -Wimplicit -Wreturn-type -Wno-write-strings -Wformat -O -fomit-frame-pointer   conftest.c >&5
configure:5005: $? = 0
configure:5013: result: yes
configure:5026: checking for library containing opendir
configure:5057: gcc -o conftest -fPIC -Wimplicit -Wreturn-type -Wno-write-strings -Wformat -O -fomit-frame-pointer    -L/usr/local/lib conftest.c -ljpeg -lz -lm  >&5
configure:5057: $? = 0
configure:5074: result: none required
configure:5142: checking for grep that handles long lines and -e
configure:5200: result: /usr/bin/grep
configure:5205: checking for egrep
configure:5267: result: /usr/bin/grep -E
configure:5272: checking for ANSI C header files
configure:5292: gcc -c -fPIC -Wimplicit -Wreturn-type -Wno-write-strings -Wformat -O -fomit-frame-pointer   conftest.c >&5
configure:5292: $? = 0
configure:5365: gcc -o conftest -fPIC -Wimplicit -Wreturn-type -Wno-write-strings -Wformat -O -fomit-frame-pointer    -L/usr/local/lib conftest.c -ljpeg -lz -lm  >&5
configure:5365: $? = 0
configure:5365: ./conftest
configure:5365: $? = 0
configure:5376: result: yes
configure:5390: checking for sys/types.h
configure:5390: gcc -c -fPIC -Wimplicit -Wreturn-type -Wno-write-strings -Wformat -O -fomit-frame-pointer   conftest.c >&5
configure:5390: $? = 0
configure:5390: result: yes
configure:5390: checking for sys/stat.h
configure:5390: gcc -c -fPIC -Wimplicit -Wreturn-type -Wno-write-strings -Wformat -O -fomit-frame-pointer   conftest.c >&5
configure:5390: $? = 0
configure:5390: result: yes
configure:5390: checking for stdlib.h
configure:5390: gcc -c -fPIC -Wimplicit -Wreturn-type -Wno-write-strings -Wformat -O -fomit-frame-pointer   conftest.c >&5
configure:5390: $? = 0
configure:5390: result: yes
configure:5390: checking for string.h
configure:5390: gcc -c -fPIC -Wimplicit -Wreturn-type -Wno-write-strings -Wformat -O -fomit-frame-pointer   conftest.c >&5
configure:5390: $? = 0
configure:5390: result: yes
configure:5390: checking for memory.h
configure:5390: gcc -c -fPIC -Wimplicit -Wreturn-type -Wno-write-strings -Wformat -O -fomit-frame-pointer   conftest.c >&5
configure:5390: $? = 0
configure:5390: result: yes
configure:5390: checking for strings.h
configure:5390: gcc -c -fPIC -Wimplicit -Wreturn-type -Wno-write-strings -Wformat -O -fomit-frame-pointer   conftest.c >&5
configure:5390: $? = 0
configure:5390: result: yes
configure:5390: checking for inttypes.h
configure:5390: gcc -c -fPIC -Wimplicit -Wreturn-type -Wno-write-strings -Wformat -O -fomit-frame-pointer   conftest.c >&5
configure:5390: $? = 0
configure:5390: result: yes
configure:5390: checking for stdint.h
configure:5390: gcc -c -fPIC -Wimplicit -Wreturn-type -Wno-write-strings -Wformat -O -fomit-frame-pointer   conftest.c >&5
configure:5390: $? = 0
configure:5390: result: yes
configure:5390: checking for unistd.h
configure:5390: gcc -c -fPIC -Wimplicit -Wreturn-type -Wno-write-strings -Wformat -O -fomit-frame-pointer   conftest.c >&5
configure:5390: $? = 0
configure:5390: result: yes
configure:5405: checking zlib.h usability
configure:5405: gcc -c -fPIC -Wimplicit -Wreturn-type -Wno-write-strings -Wformat -O -fomit-frame-pointer   conftest.c >&5
configure:5405: $? = 0
configure:5405: result: yes
configure:5405: checking zlib.h presence
configure:5405: gcc -E  conftest.c
configure:5405: $? = 0
configure:5405: result: yes
configure:5405: checking for zlib.h
configure:5405: result: yes
configure:5405: checking gif_lib.h usability
configure:5405: gcc -c -fPIC -Wimplicit -Wreturn-type -Wno-write-strings -Wformat -O -fomit-frame-pointer   conftest.c >&5
conftest.c:60:21: fatal error: gif_lib.h: No such file or directory
compilation terminated.
configure:5405: $? = 1
configure: failed program was:
| /* confdefs.h */
| #define PACKAGE_NAME ""
| #define PACKAGE_TARNAME ""
| #define PACKAGE_VERSION ""
| #define PACKAGE_STRING ""
| #define PACKAGE_BUGREPORT ""
| #define PACKAGE_URL ""
| #define LINUX 1
| #define O_BINARY 0
| #define HAVE_LIBM 1
| #define HAVE_LIBZ 1
| #define HAVE_LIBJPEG 1
| #define SYSTEM_BACKTICKS 1
| #define HAVE_DIRENT_H 1
| #define STDC_HEADERS 1
| #define HAVE_SYS_TYPES_H 1
| #define HAVE_SYS_STAT_H 1
| #define HAVE_STDLIB_H 1
| #define HAVE_STRING_H 1
| #define HAVE_MEMORY_H 1
| #define HAVE_STRINGS_H 1
| #define HAVE_INTTYPES_H 1
| #define HAVE_STDINT_H 1
| #define HAVE_UNISTD_H 1
| #define HAVE_ZLIB_H 1
| /* end confdefs.h.  */
| #include <stdio.h>
| #ifdef HAVE_SYS_TYPES_H
| # include <sys/types.h>
| #endif
| #ifdef HAVE_SYS_STAT_H
| # include <sys/stat.h>
| #endif
| #ifdef STDC_HEADERS
| # include <stdlib.h>
| # include <stddef.h>
| #else
| # ifdef HAVE_STDLIB_H
| #  include <stdlib.h>
| # endif
| #endif
| #ifdef HAVE_STRING_H
| # if !defined STDC_HEADERS && defined HAVE_MEMORY_H
| #  include <memory.h>
| # endif
| # include <string.h>
| #endif
| #ifdef HAVE_STRINGS_H
| # include <strings.h>
| #endif
| #ifdef HAVE_INTTYPES_H
| # include <inttypes.h>
| #endif
| #ifdef HAVE_STDINT_H
| # include <stdint.h>
| #endif
| #ifdef HAVE_UNISTD_H
| # include <unistd.h>
| #endif
| #include <gif_lib.h>
configure:5405: result: no
configure:5405: checking gif_lib.h presence
configure:5405: gcc -E  conftest.c
conftest.c:27:21: fatal error: gif_lib.h: No such file or directory
compilation terminated.
configure:5405: $? = 1
configure: failed program was:
| /* confdefs.h */
| #define PACKAGE_NAME ""
| #define PACKAGE_TARNAME ""
| #define PACKAGE_VERSION ""
| #define PACKAGE_STRING ""
| #define PACKAGE_BUGREPORT ""
| #define PACKAGE_URL ""
| #define LINUX 1
| #define O_BINARY 0
| #define HAVE_LIBM 1
| #define HAVE_LIBZ 1
| #define HAVE_LIBJPEG 1
| #define SYSTEM_BACKTICKS 1
| #define HAVE_DIRENT_H 1
| #define STDC_HEADERS 1
| #define HAVE_SYS_TYPES_H 1
| #define HAVE_SYS_STAT_H 1
| #define HAVE_STDLIB_H 1
| #define HAVE_STRING_H 1
| #define HAVE_MEMORY_H 1
| #define HAVE_STRINGS_H 1
| #define HAVE_INTTYPES_H 1
| #define HAVE_STDINT_H 1
| #define HAVE_UNISTD_H 1
| #define HAVE_ZLIB_H 1
| /* end confdefs.h.  */
| #include <gif_lib.h>
configure:5405: result: no
configure:5405: checking for gif_lib.h
configure:5405: result: no
configure:5405: checking io.h usability
configure:5405: gcc -c -fPIC -Wimplicit -Wreturn-type -Wno-write-strings -Wformat -O -fomit-frame-pointer   conftest.c >&5
conftest.c:60:16: fatal error: io.h: No such file or directory
compilation terminated.
configure:5405: $? = 1
configure: failed program was:
| /* confdefs.h */
| #define PACKAGE_NAME ""
| #define PACKAGE_TARNAME ""
| #define PACKAGE_VERSION ""
| #define PACKAGE_STRING ""
| #define PACKAGE_BUGREPORT ""
| #define PACKAGE_URL ""
| #define LINUX 1
| #define O_BINARY 0
| #define HAVE_LIBM 1
| #define HAVE_LIBZ 1
| #define HAVE_LIBJPEG 1
| #define SYSTEM_BACKTICKS 1
| #define HAVE_DIRENT_H 1
| #define STDC_HEADERS 1
| #define HAVE_SYS_TYPES_H 1
| #define HAVE_SYS_STAT_H 1
| #define HAVE_STDLIB_H 1
| #define HAVE_STRING_H 1
| #define HAVE_MEMORY_H 1
| #define HAVE_STRINGS_H 1
| #define HAVE_INTTYPES_H 1
| #define HAVE_STDINT_H 1
| #define HAVE_UNISTD_H 1
| #define HAVE_ZLIB_H 1
| /* end confdefs.h.  */
| #include <stdio.h>
| #ifdef HAVE_SYS_TYPES_H
| # include <sys/types.h>
| #endif
| #ifdef HAVE_SYS_STAT_H
| # include <sys/stat.h>
| #endif
| #ifdef STDC_HEADERS
| # include <stdlib.h>
| # include <stddef.h>
| #else
| # ifdef HAVE_STDLIB_H
| #  include <stdlib.h>
| # endif
| #endif
| #ifdef HAVE_STRING_H
| # if !defined STDC_HEADERS && defined HAVE_MEMORY_H
| #  include <memory.h>
| # endif
| # include <string.h>
| #endif
| #ifdef HAVE_STRINGS_H
| # include <strings.h>
| #endif
| #ifdef HAVE_INTTYPES_H
| # include <inttypes.h>
| #endif
| #ifdef HAVE_STDINT_H
| # include <stdint.h>
| #endif
| #ifdef HAVE_UNISTD_H
| # include <unistd.h>
| #endif
| #include <io.h>
configure:5405: result: no
configure:5405: checking io.h presence
configure:5405: gcc -E  conftest.c
conftest.c:27:16: fatal error: io.h: No such file or directory
compilation terminated.
configure:5405: $? = 1
configure: failed program was:
| /* confdefs.h */
| #define PACKAGE_NAME ""
| #define PACKAGE_TARNAME ""
| #define PACKAGE_VERSION ""
| #define PACKAGE_STRING ""
| #define PACKAGE_BUGREPORT ""
| #define PACKAGE_URL ""
| #define LINUX 1
| #define O_BINARY 0
| #define HAVE_LIBM 1
| #define HAVE_LIBZ 1
| #define HAVE_LIBJPEG 1
| #define SYSTEM_BACKTICKS 1
| #define HAVE_DIRENT_H 1
| #define STDC_HEADERS 1
| #define HAVE_SYS_TYPES_H 1
| #define HAVE_SYS_STAT_H 1
| #define HAVE_STDLIB_H 1
| #define HAVE_STRING_H 1
| #define HAVE_MEMORY_H 1
| #define HAVE_STRINGS_H 1
| #define HAVE_INTTYPES_H 1
| #define HAVE_STDINT_H 1
| #define HAVE_UNISTD_H 1
| #define HAVE_ZLIB_H 1
| /* end confdefs.h.  */
| #include <io.h>
configure:5405: result: no
configure:5405: checking for io.h
configure:5405: result: no
configure:5405: checking wchar.h usability
configure:5405: gcc -c -fPIC -Wimplicit -Wreturn-type -Wno-write-strings -Wformat -O -fomit-frame-pointer   conftest.c >&5
configure:5405: $? = 0
configure:5405: result: yes
configure:5405: checking wchar.h presence
configure:5405: gcc -E  conftest.c
configure:5405: $? = 0
configure:5405: result: yes
configure:5405: checking for wchar.h
configure:5405: result: yes
configure:5405: checking jpeglib.h usability
configure:5405: gcc -c -fPIC -Wimplicit -Wreturn-type -Wno-write-strings -Wformat -O -fomit-frame-pointer   conftest.c >&5
configure:5405: $? = 0
configure:5405: result: yes
configure:5405: checking jpeglib.h presence
configure:5405: gcc -E  conftest.c
configure:5405: $? = 0
configure:5405: result: yes
configure:5405: checking for jpeglib.h
configure:5405: result: yes
configure:5405: checking assert.h usability
configure:5405: gcc -c -fPIC -Wimplicit -Wreturn-type -Wno-write-strings -Wformat -O -fomit-frame-pointer   conftest.c >&5
configure:5405: $? = 0
configure:5405: result: yes
configure:5405: checking assert.h presence
configure:5405: gcc -E  conftest.c
configure:5405: $? = 0
configure:5405: result: yes
configure:5405: checking for assert.h
configure:5405: result: yes
configure:5405: checking signal.h usability
configure:5405: gcc -c -fPIC -Wimplicit -Wreturn-type -Wno-write-strings -Wformat -O -fomit-frame-pointer   conftest.c >&5
configure:5405: $? = 0
configure:5405: result: yes
configure:5405: checking signal.h presence
configure:5405: gcc -E  conftest.c
configure:5405: $? = 0
configure:5405: result: yes
configure:5405: checking for signal.h
configure:5405: result: yes
configure:5405: checking pthread.h usability
configure:5405: gcc -c -fPIC -Wimplicit -Wreturn-type -Wno-write-strings -Wformat -O -fomit-frame-pointer   conftest.c >&5
configure:5405: $? = 0
configure:5405: result: yes
configure:5405: checking pthread.h presence
configure:5405: gcc -E  conftest.c
configure:5405: $? = 0
configure:5405: result: yes
configure:5405: checking for pthread.h
configure:5405: result: yes
configure:5405: checking for sys/stat.h
configure:5405: result: yes
configure:5405: checking sys/mman.h usability
configure:5405: gcc -c -fPIC -Wimplicit -Wreturn-type -Wno-write-strings -Wformat -O -fomit-frame-pointer   conftest.c >&5
configure:5405: $? = 0
configure:5405: result: yes
configure:5405: checking sys/mman.h presence
configure:5405: gcc -E  conftest.c
configure:5405: $? = 0
configure:5405: result: yes
configure:5405: checking for sys/mman.h
configure:5405: result: yes
configure:5405: checking for sys/types.h
configure:5405: result: yes
configure:5405: checking dirent.h usability
configure:5405: gcc -c -fPIC -Wimplicit -Wreturn-type -Wno-write-strings -Wformat -O -fomit-frame-pointer   conftest.c >&5
configure:5405: $? = 0
configure:5405: result: yes
configure:5405: checking dirent.h presence
configure:5405: gcc -E  conftest.c
configure:5405: $? = 0
configure:5405: result: yes
configure:5405: checking for dirent.h
configure:5405: result: yes
configure:5405: checking sys/bsdtypes.h usability
configure:5405: gcc -c -fPIC -Wimplicit -Wreturn-type -Wno-write-strings -Wformat -O -fomit-frame-pointer   conftest.c >&5
conftest.c:69:26: fatal error: sys/bsdtypes.h: No such file or directory
compilation terminated.
configure:5405: $? = 1
configure: failed program was:
| /* confdefs.h */
| #define PACKAGE_NAME ""
| #define PACKAGE_TARNAME ""
| #define PACKAGE_VERSION ""
| #define PACKAGE_STRING ""
| #define PACKAGE_BUGREPORT ""
| #define PACKAGE_URL ""
| #define LINUX 1
| #define O_BINARY 0
| #define HAVE_LIBM 1
| #define HAVE_LIBZ 1
| #define HAVE_LIBJPEG 1
| #define SYSTEM_BACKTICKS 1
| #define HAVE_DIRENT_H 1
| #define STDC_HEADERS 1
| #define HAVE_SYS_TYPES_H 1
| #define HAVE_SYS_STAT_H 1
| #define HAVE_STDLIB_H 1
| #define HAVE_STRING_H 1
| #define HAVE_MEMORY_H 1
| #define HAVE_STRINGS_H 1
| #define HAVE_INTTYPES_H 1
| #define HAVE_STDINT_H 1
| #define HAVE_UNISTD_H 1
| #define HAVE_ZLIB_H 1
| #define HAVE_WCHAR_H 1
| #define HAVE_JPEGLIB_H 1
| #define HAVE_ASSERT_H 1
| #define HAVE_SIGNAL_H 1
| #define HAVE_PTHREAD_H 1
| #define HAVE_SYS_STAT_H 1
| #define HAVE_SYS_MMAN_H 1
| #define HAVE_SYS_TYPES_H 1
| #define HAVE_DIRENT_H 1
| /* end confdefs.h.  */
| #include <stdio.h>
| #ifdef HAVE_SYS_TYPES_H
| # include <sys/types.h>
| #endif
| #ifdef HAVE_SYS_STAT_H
| # include <sys/stat.h>
| #endif
| #ifdef STDC_HEADERS
| # include <stdlib.h>
| # include <stddef.h>
| #else
| # ifdef HAVE_STDLIB_H
| #  include <stdlib.h>
| # endif
| #endif
| #ifdef HAVE_STRING_H
| # if !defined STDC_HEADERS && defined HAVE_MEMORY_H
| #  include <memory.h>
| # endif
| # include <string.h>
| #endif
| #ifdef HAVE_STRINGS_H
| # include <strings.h>
| #endif
| #ifdef HAVE_INTTYPES_H
| # include <inttypes.h>
| #endif
| #ifdef HAVE_STDINT_H
| # include <stdint.h>
| #endif
| #ifdef HAVE_UNISTD_H
| # include <unistd.h>
| #endif
| #include <sys/bsdtypes.h>
configure:5405: result: no
configure:5405: checking sys/bsdtypes.h presence
configure:5405: gcc -E  conftest.c
conftest.c:36:26: fatal error: sys/bsdtypes.h: No such file or directory
compilation terminated.
configure:5405: $? = 1
configure: failed program was:
| /* confdefs.h */
| #define PACKAGE_NAME ""
| #define PACKAGE_TARNAME ""
| #define PACKAGE_VERSION ""
| #define PACKAGE_STRING ""
| #define PACKAGE_BUGREPORT ""
| #define PACKAGE_URL ""
| #define LINUX 1
| #define O_BINARY 0
| #define HAVE_LIBM 1
| #define HAVE_LIBZ 1
| #define HAVE_LIBJPEG 1
| #define SYSTEM_BACKTICKS 1
| #define HAVE_DIRENT_H 1
| #define STDC_HEADERS 1
| #define HAVE_SYS_TYPES_H 1
| #define HAVE_SYS_STAT_H 1
| #define HAVE_STDLIB_H 1
| #define HAVE_STRING_H 1
| #define HAVE_MEMORY_H 1
| #define HAVE_STRINGS_H 1
| #define HAVE_INTTYPES_H 1
| #define HAVE_STDINT_H 1
| #define HAVE_UNISTD_H 1
| #define HAVE_ZLIB_H 1
| #define HAVE_WCHAR_H 1
| #define HAVE_JPEGLIB_H 1
| #define HAVE_ASSERT_H 1
| #define HAVE_SIGNAL_H 1
| #define HAVE_PTHREAD_H 1
| #define HAVE_SYS_STAT_H 1
| #define HAVE_SYS_MMAN_H 1
| #define HAVE_SYS_TYPES_H 1
| #define HAVE_DIRENT_H 1
| /* end confdefs.h.  */
| #include <sys/bsdtypes.h>
configure:5405: result: no
configure:5405: checking for sys/bsdtypes.h
configure:5405: result: no
configure:5405: checking sys/ndir.h usability
configure:5405: gcc -c -fPIC -Wimplicit -Wreturn-type -Wno-write-strings -Wformat -O -fomit-frame-pointer   conftest.c >&5
conftest.c:69:22: fatal error: sys/ndir.h: No such file or directory
compilation terminated.
configure:5405: $? = 1
configure: failed program was:
| /* confdefs.h */
| #define PACKAGE_NAME ""
| #define PACKAGE_TARNAME ""
| #define PACKAGE_VERSION ""
| #define PACKAGE_STRING ""
| #define PACKAGE_BUGREPORT ""
| #define PACKAGE_URL ""
| #define LINUX 1
| #define O_BINARY 0
| #define HAVE_LIBM 1
| #define HAVE_LIBZ 1
| #define HAVE_LIBJPEG 1
| #define SYSTEM_BACKTICKS 1
| #define HAVE_DIRENT_H 1
| #define STDC_HEADERS 1
| #define HAVE_SYS_TYPES_H 1
| #define HAVE_SYS_STAT_H 1
| #define HAVE_STDLIB_H 1
| #define HAVE_STRING_H 1
| #define HAVE_MEMORY_H 1
| #define HAVE_STRINGS_H 1
| #define HAVE_INTTYPES_H 1
| #define HAVE_STDINT_H 1
| #define HAVE_UNISTD_H 1
| #define HAVE_ZLIB_H 1
| #define HAVE_WCHAR_H 1
| #define HAVE_JPEGLIB_H 1
| #define HAVE_ASSERT_H 1
| #define HAVE_SIGNAL_H 1
| #define HAVE_PTHREAD_H 1
| #define HAVE_SYS_STAT_H 1
| #define HAVE_SYS_MMAN_H 1
| #define HAVE_SYS_TYPES_H 1
| #define HAVE_DIRENT_H 1
| /* end confdefs.h.  */
| #include <stdio.h>
| #ifdef HAVE_SYS_TYPES_H
| # include <sys/types.h>
| #endif
| #ifdef HAVE_SYS_STAT_H
| # include <sys/stat.h>
| #endif
| #ifdef STDC_HEADERS
| # include <stdlib.h>
| # include <stddef.h>
| #else
| # ifdef HAVE_STDLIB_H
| #  include <stdlib.h>
| # endif
| #endif
| #ifdef HAVE_STRING_H
| # if !defined STDC_HEADERS && defined HAVE_MEMORY_H
| #  include <memory.h>
| # endif
| # include <string.h>
| #endif
| #ifdef HAVE_STRINGS_H
| # include <strings.h>
| #endif
| #ifdef HAVE_INTTYPES_H
| # include <inttypes.h>
| #endif
| #ifdef HAVE_STDINT_H
| # include <stdint.h>
| #endif
| #ifdef HAVE_UNISTD_H
| # include <unistd.h>
| #endif
| #include <sys/ndir.h>
configure:5405: result: no
configure:5405: checking sys/ndir.h presence
configure:5405: gcc -E  conftest.c
conftest.c:36:22: fatal error: sys/ndir.h: No such file or directory
compilation terminated.
configure:5405: $? = 1
configure: failed program was:
| /* confdefs.h */
| #define PACKAGE_NAME ""
| #define PACKAGE_TARNAME ""
| #define PACKAGE_VERSION ""
| #define PACKAGE_STRING ""
| #define PACKAGE_BUGREPORT ""
| #define PACKAGE_URL ""
| #define LINUX 1
| #define O_BINARY 0
| #define HAVE_LIBM 1
| #define HAVE_LIBZ 1
| #define HAVE_LIBJPEG 1
| #define SYSTEM_BACKTICKS 1
| #define HAVE_DIRENT_H 1
| #define STDC_HEADERS 1
| #define HAVE_SYS_TYPES_H 1
| #define HAVE_SYS_STAT_H 1
| #define HAVE_STDLIB_H 1
| #define HAVE_STRING_H 1
| #define HAVE_MEMORY_H 1
| #define HAVE_STRINGS_H 1
| #define HAVE_INTTYPES_H 1
| #define HAVE_STDINT_H 1
| #define HAVE_UNISTD_H 1
| #define HAVE_ZLIB_H 1
| #define HAVE_WCHAR_H 1
| #define HAVE_JPEGLIB_H 1
| #define HAVE_ASSERT_H 1
| #define HAVE_SIGNAL_H 1
| #define HAVE_PTHREAD_H 1
| #define HAVE_SYS_STAT_H 1
| #define HAVE_SYS_MMAN_H 1
| #define HAVE_SYS_TYPES_H 1
| #define HAVE_DIRENT_H 1
| /* end confdefs.h.  */
| #include <sys/ndir.h>
configure:5405: result: no
configure:5405: checking for sys/ndir.h
configure:5405: result: no
configure:5405: checking sys/dir.h usability
configure:5405: gcc -c -fPIC -Wimplicit -Wreturn-type -Wno-write-strings -Wformat -O -fomit-frame-pointer   conftest.c >&5
configure:5405: $? = 0
configure:5405: result: yes
configure:5405: checking sys/dir.h presence
configure:5405: gcc -E  conftest.c
configure:5405: $? = 0
configure:5405: result: yes
configure:5405: checking for sys/dir.h
configure:5405: result: yes
configure:5405: checking ndir.h usability
configure:5405: gcc -c -fPIC -Wimplicit -Wreturn-type -Wno-write-strings -Wformat -O -fomit-frame-pointer   conftest.c >&5
conftest.c:70:18: fatal error: ndir.h: No such file or directory
compilation terminated.
configure:5405: $? = 1
configure: failed program was:
| /* confdefs.h */
| #define PACKAGE_NAME ""
| #define PACKAGE_TARNAME ""
| #define PACKAGE_VERSION ""
| #define PACKAGE_STRING ""
| #define PACKAGE_BUGREPORT ""
| #define PACKAGE_URL ""
| #define LINUX 1
| #define O_BINARY 0
| #define HAVE_LIBM 1
| #define HAVE_LIBZ 1
| #define HAVE_LIBJPEG 1
| #define SYSTEM_BACKTICKS 1
| #define HAVE_DIRENT_H 1
| #define STDC_HEADERS 1
| #define HAVE_SYS_TYPES_H 1
| #define HAVE_SYS_STAT_H 1
| #define HAVE_STDLIB_H 1
| #define HAVE_STRING_H 1
| #define HAVE_MEMORY_H 1
| #define HAVE_STRINGS_H 1
| #define HAVE_INTTYPES_H 1
| #define HAVE_STDINT_H 1
| #define HAVE_UNISTD_H 1
| #define HAVE_ZLIB_H 1
| #define HAVE_WCHAR_H 1
| #define HAVE_JPEGLIB_H 1
| #define HAVE_ASSERT_H 1
| #define HAVE_SIGNAL_H 1
| #define HAVE_PTHREAD_H 1
| #define HAVE_SYS_STAT_H 1
| #define HAVE_SYS_MMAN_H 1
| #define HAVE_SYS_TYPES_H 1
| #define HAVE_DIRENT_H 1
| #define HAVE_SYS_DIR_H 1
| /* end confdefs.h.  */
| #include <stdio.h>
| #ifdef HAVE_SYS_TYPES_H
| # include <sys/types.h>
| #endif
| #ifdef HAVE_SYS_STAT_H
| # include <sys/stat.h>
| #endif
| #ifdef STDC_HEADERS
| # include <stdlib.h>
| # include <stddef.h>
| #else
| # ifdef HAVE_STDLIB_H
| #  include <stdlib.h>
| # endif
| #endif
| #ifdef HAVE_STRING_H
| # if !defined STDC_HEADERS && defined HAVE_MEMORY_H
| #  include <memory.h>
| # endif
| # include <string.h>
| #endif
| #ifdef HAVE_STRINGS_H
| # include <strings.h>
| #endif
| #ifdef HAVE_INTTYPES_H
| # include <inttypes.h>
| #endif
| #ifdef HAVE_STDINT_H
| # include <stdint.h>
| #endif
| #ifdef HAVE_UNISTD_H
| # include <unistd.h>
| #endif
| #include <ndir.h>
configure:5405: result: no
configure:5405: checking ndir.h presence
configure:5405: gcc -E  conftest.c
conftest.c:37:18: fatal error: ndir.h: No such file or directory
compilation terminated.
configure:5405: $? = 1
configure: failed program was:
| /* confdefs.h */
| #define PACKAGE_NAME ""
| #define PACKAGE_TARNAME ""
| #define PACKAGE_VERSION ""
| #define PACKAGE_STRING ""
| #define PACKAGE_BUGREPORT ""
| #define PACKAGE_URL ""
| #define LINUX 1
| #define O_BINARY 0
| #define HAVE_LIBM 1
| #define HAVE_LIBZ 1
| #define HAVE_LIBJPEG 1
| #define SYSTEM_BACKTICKS 1
| #define HAVE_DIRENT_H 1
| #define STDC_HEADERS 1
| #define HAVE_SYS_TYPES_H 1
| #define HAVE_SYS_STAT_H 1
| #define HAVE_STDLIB_H 1
| #define HAVE_STRING_H 1
| #define HAVE_MEMORY_H 1
| #define HAVE_STRINGS_H 1
| #define HAVE_INTTYPES_H 1
| #define HAVE_STDINT_H 1
| #define HAVE_UNISTD_H 1
| #define HAVE_ZLIB_H 1
| #define HAVE_WCHAR_H 1
| #define HAVE_JPEGLIB_H 1
| #define HAVE_ASSERT_H 1
| #define HAVE_SIGNAL_H 1
| #define HAVE_PTHREAD_H 1
| #define HAVE_SYS_STAT_H 1
| #define HAVE_SYS_MMAN_H 1
| #define HAVE_SYS_TYPES_H 1
| #define HAVE_DIRENT_H 1
| #define HAVE_SYS_DIR_H 1
| /* end confdefs.h.  */
| #include <ndir.h>
configure:5405: result: no
configure:5405: checking for ndir.h
configure:5405: result: no
configure:5405: checking time.h usability
configure:5405: gcc -c -fPIC -Wimplicit -Wreturn-type -Wno-write-strings -Wformat -O -fomit-frame-pointer   conftest.c >&5
configure:5405: $? = 0
configure:5405: result: yes
configure:5405: checking time.h presence
configure:5405: gcc -E  conftest.c
configure:5405: $? = 0
configure:5405: result: yes
configure:5405: checking for time.h
configure:5405: result: yes
configure:5405: checking sys/time.h usability
configure:5405: gcc -c -fPIC -Wimplicit -Wreturn-type -Wno-write-strings -Wformat -O -fomit-frame-pointer   conftest.c >&5
configure:5405: $? = 0
configure:5405: result: yes
configure:5405: checking sys/time.h presence
configure:5405: gcc -E  conftest.c
configure:5405: $? = 0
configure:5405: result: yes
configure:5405: checking for sys/time.h
configure:5405: result: yes
configure:5405: checking sys/resource.h usability
configure:5405: gcc -c -fPIC -Wimplicit -Wreturn-type -Wno-write-strings -Wformat -O -fomit-frame-pointer   conftest.c >&5
configure:5405: $? = 0
configure:5405: result: yes
configure:5405: checking sys/resource.h presence
configure:5405: gcc -E  conftest.c
configure:5405: $? = 0
configure:5405: result: yes
configure:5405: checking for sys/resource.h
configure:5405: result: yes
configure:5405: checking pdflib.h usability
configure:5405: gcc -c -fPIC -Wimplicit -Wreturn-type -Wno-write-strings -Wformat -O -fomit-frame-pointer   conftest.c >&5
conftest.c:73:20: fatal error: pdflib.h: No such file or directory
compilation terminated.
configure:5405: $? = 1
configure: failed program was:
| /* confdefs.h */
| #define PACKAGE_NAME ""
| #define PACKAGE_TARNAME ""
| #define PACKAGE_VERSION ""
| #define PACKAGE_STRING ""
| #define PACKAGE_BUGREPORT ""
| #define PACKAGE_URL ""
| #define LINUX 1
| #define O_BINARY 0
| #define HAVE_LIBM 1
| #define HAVE_LIBZ 1
| #define HAVE_LIBJPEG 1
| #define SYSTEM_BACKTICKS 1
| #define HAVE_DIRENT_H 1
| #define STDC_HEADERS 1
| #define HAVE_SYS_TYPES_H 1
| #define HAVE_SYS_STAT_H 1
| #define HAVE_STDLIB_H 1
| #define HAVE_STRING_H 1
| #define HAVE_MEMORY_H 1
| #define HAVE_STRINGS_H 1
| #define HAVE_INTTYPES_H 1
| #define HAVE_STDINT_H 1
| #define HAVE_UNISTD_H 1
| #define HAVE_ZLIB_H 1
| #define HAVE_WCHAR_H 1
| #define HAVE_JPEGLIB_H 1
| #define HAVE_ASSERT_H 1
| #define HAVE_SIGNAL_H 1
| #define HAVE_PTHREAD_H 1
| #define HAVE_SYS_STAT_H 1
| #define HAVE_SYS_MMAN_H 1
| #define HAVE_SYS_TYPES_H 1
| #define HAVE_DIRENT_H 1
| #define HAVE_SYS_DIR_H 1
| #define HAVE_TIME_H 1
| #define HAVE_SYS_TIME_H 1
| #define HAVE_SYS_RESOURCE_H 1
| /* end confdefs.h.  */
| #include <stdio.h>
| #ifdef HAVE_SYS_TYPES_H
| # include <sys/types.h>
| #endif
| #ifdef HAVE_SYS_STAT_H
| # include <sys/stat.h>
| #endif
| #ifdef STDC_HEADERS
| # include <stdlib.h>
| # include <stddef.h>
| #else
| # ifdef HAVE_STDLIB_H
| #  include <stdlib.h>
| # endif
| #endif
| #ifdef HAVE_STRING_H
| # if !defined STDC_HEADERS && defined HAVE_MEMORY_H
| #  include <memory.h>
| # endif
| # include <string.h>
| #endif
| #ifdef HAVE_STRINGS_H
| # include <strings.h>
| #endif
| #ifdef HAVE_INTTYPES_H
| # include <inttypes.h>
| #endif
| #ifdef HAVE_STDINT_H
| # include <stdint.h>
| #endif
| #ifdef HAVE_UNISTD_H
| # include <unistd.h>
| #endif
| #include <pdflib.h>
configure:5405: result: no
configure:5405: checking pdflib.h presence
configure:5405: gcc -E  conftest.c
conftest.c:40:20: fatal error: pdflib.h: No such file or directory
compilation terminated.
configure:5405: $? = 1
configure: failed program was:
| /* confdefs.h */
| #define PACKAGE_NAME ""
| #define PACKAGE_TARNAME ""
| #define PACKAGE_VERSION ""
| #define PACKAGE_STRING ""
| #define PACKAGE_BUGREPORT ""
| #define PACKAGE_URL ""
| #define LINUX 1
| #define O_BINARY 0
| #define HAVE_LIBM 1
| #define HAVE_LIBZ 1
| #define HAVE_LIBJPEG 1
| #define SYSTEM_BACKTICKS 1
| #define HAVE_DIRENT_H 1
| #define STDC_HEADERS 1
| #define HAVE_SYS_TYPES_H 1
| #define HAVE_SYS_STAT_H 1
| #define HAVE_STDLIB_H 1
| #define HAVE_STRING_H 1
| #define HAVE_MEMORY_H 1
| #define HAVE_STRINGS_H 1
| #define HAVE_INTTYPES_H 1
| #define HAVE_STDINT_H 1
| #define HAVE_UNISTD_H 1
| #define HAVE_ZLIB_H 1
| #define HAVE_WCHAR_H 1
| #define HAVE_JPEGLIB_H 1
| #define HAVE_ASSERT_H 1
| #define HAVE_SIGNAL_H 1
| #define HAVE_PTHREAD_H 1
| #define HAVE_SYS_STAT_H 1
| #define HAVE_SYS_MMAN_H 1
| #define HAVE_SYS_TYPES_H 1
| #define HAVE_DIRENT_H 1
| #define HAVE_SYS_DIR_H 1
| #define HAVE_TIME_H 1
| #define HAVE_SYS_TIME_H 1
| #define HAVE_SYS_RESOURCE_H 1
| /* end confdefs.h.  */
| #include <pdflib.h>
configure:5405: result: no
configure:5405: checking for pdflib.h
configure:5405: result: no
configure:5405: checking zzip/lib.h usability
configure:5405: gcc -c -fPIC -Wimplicit -Wreturn-type -Wno-write-strings -Wformat -O -fomit-frame-pointer   conftest.c >&5
conftest.c:73:22: fatal error: zzip/lib.h: No such file or directory
compilation terminated.
configure:5405: $? = 1
configure: failed program was:
| /* confdefs.h */
| #define PACKAGE_NAME ""
| #define PACKAGE_TARNAME ""
| #define PACKAGE_VERSION ""
| #define PACKAGE_STRING ""
| #define PACKAGE_BUGREPORT ""
| #define PACKAGE_URL ""
| #define LINUX 1
| #define O_BINARY 0
| #define HAVE_LIBM 1
| #define HAVE_LIBZ 1
| #define HAVE_LIBJPEG 1
| #define SYSTEM_BACKTICKS 1
| #define HAVE_DIRENT_H 1
| #define STDC_HEADERS 1
| #define HAVE_SYS_TYPES_H 1
| #define HAVE_SYS_STAT_H 1
| #define HAVE_STDLIB_H 1
| #define HAVE_STRING_H 1
| #define HAVE_MEMORY_H 1
| #define HAVE_STRINGS_H 1
| #define HAVE_INTTYPES_H 1
| #define HAVE_STDINT_H 1
| #define HAVE_UNISTD_H 1
| #define HAVE_ZLIB_H 1
| #define HAVE_WCHAR_H 1
| #define HAVE_JPEGLIB_H 1
| #define HAVE_ASSERT_H 1
| #define HAVE_SIGNAL_H 1
| #define HAVE_PTHREAD_H 1
| #define HAVE_SYS_STAT_H 1
| #define HAVE_SYS_MMAN_H 1
| #define HAVE_SYS_TYPES_H 1
| #define HAVE_DIRENT_H 1
| #define HAVE_SYS_DIR_H 1
| #define HAVE_TIME_H 1
| #define HAVE_SYS_TIME_H 1
| #define HAVE_SYS_RESOURCE_H 1
| /* end confdefs.h.  */
| #include <stdio.h>
| #ifdef HAVE_SYS_TYPES_H
| # include <sys/types.h>
| #endif
| #ifdef HAVE_SYS_STAT_H
| # include <sys/stat.h>
| #endif
| #ifdef STDC_HEADERS
| # include <stdlib.h>
| # include <stddef.h>
| #else
| # ifdef HAVE_STDLIB_H
| #  include <stdlib.h>
| # endif
| #endif
| #ifdef HAVE_STRING_H
| # if !defined STDC_HEADERS && defined HAVE_MEMORY_H
| #  include <memory.h>
| # endif
| # include <string.h>
| #endif
| #ifdef HAVE_STRINGS_H
| # include <strings.h>
| #endif
| #ifdef HAVE_INTTYPES_H
| # include <inttypes.h>
| #endif
| #ifdef HAVE_STDINT_H
| # include <stdint.h>
| #endif
| #ifdef HAVE_UNISTD_H
| # include <unistd.h>
| #endif
| #include <zzip/lib.h>
configure:5405: result: no
configure:5405: checking zzip/lib.h presence
configure:5405: gcc -E  conftest.c
conftest.c:40:22: fatal error: zzip/lib.h: No such file or directory
compilation terminated.
configure:5405: $? = 1
configure: failed program was:
| /* confdefs.h */
| #define PACKAGE_NAME ""
| #define PACKAGE_TARNAME ""
| #define PACKAGE_VERSION ""
| #define PACKAGE_STRING ""
| #define PACKAGE_BUGREPORT ""
| #define PACKAGE_URL ""
| #define LINUX 1
| #define O_BINARY 0
| #define HAVE_LIBM 1
| #define HAVE_LIBZ 1
| #define HAVE_LIBJPEG 1
| #define SYSTEM_BACKTICKS 1
| #define HAVE_DIRENT_H 1
| #define STDC_HEADERS 1
| #define HAVE_SYS_TYPES_H 1
| #define HAVE_SYS_STAT_H 1
| #define HAVE_STDLIB_H 1
| #define HAVE_STRING_H 1
| #define HAVE_MEMORY_H 1
| #define HAVE_STRINGS_H 1
| #define HAVE_INTTYPES_H 1
| #define HAVE_STDINT_H 1
| #define HAVE_UNISTD_H 1
| #define HAVE_ZLIB_H 1
| #define HAVE_WCHAR_H 1
| #define HAVE_JPEGLIB_H 1
| #define HAVE_ASSERT_H 1
| #define HAVE_SIGNAL_H 1
| #define HAVE_PTHREAD_H 1
| #define HAVE_SYS_STAT_H 1
| #define HAVE_SYS_MMAN_H 1
| #define HAVE_SYS_TYPES_H 1
| #define HAVE_DIRENT_H 1
| #define HAVE_SYS_DIR_H 1
| #define HAVE_TIME_H 1
| #define HAVE_SYS_TIME_H 1
| #define HAVE_SYS_RESOURCE_H 1
| /* end confdefs.h.  */
| #include <zzip/lib.h>
configure:5405: result: no
configure:5405: checking for zzip/lib.h
configure:5405: result: no
configure:5432: checking for an ANSI C-conforming const
configure:5497: gcc -c -fPIC -Wimplicit -Wreturn-type -Wno-write-strings -Wformat -O -fomit-frame-pointer   conftest.c >&5
configure:5497: $? = 0
configure:5504: result: yes
configure:5512: checking for inline
configure:5528: gcc -c -fPIC -Wimplicit -Wreturn-type -Wno-write-strings -Wformat -O -fomit-frame-pointer   conftest.c >&5
configure:5528: $? = 0
configure:5536: result: inline
configure:5554: checking for off_t
configure:5554: gcc -c -fPIC -Wimplicit -Wreturn-type -Wno-write-strings -Wformat -O -fomit-frame-pointer   conftest.c >&5
configure:5554: $? = 0
configure:5554: gcc -c -fPIC -Wimplicit -Wreturn-type -Wno-write-strings -Wformat -O -fomit-frame-pointer   conftest.c >&5
conftest.c: In function 'main':
conftest.c:78:20: error: expected expression before ')' token
configure:5554: $? = 1
configure: failed program was:
| /* confdefs.h */
| #define PACKAGE_NAME ""
| #define PACKAGE_TARNAME ""
| #define PACKAGE_VERSION ""
| #define PACKAGE_STRING ""
| #define PACKAGE_BUGREPORT ""
| #define PACKAGE_URL ""
| #define LINUX 1
| #define O_BINARY 0
| #define HAVE_LIBM 1
| #define HAVE_LIBZ 1
| #define HAVE_LIBJPEG 1
| #define SYSTEM_BACKTICKS 1
| #define HAVE_DIRENT_H 1
| #define STDC_HEADERS 1
| #define HAVE_SYS_TYPES_H 1
| #define HAVE_SYS_STAT_H 1
| #define HAVE_STDLIB_H 1
| #define HAVE_STRING_H 1
| #define HAVE_MEMORY_H 1
| #define HAVE_STRINGS_H 1
| #define HAVE_INTTYPES_H 1
| #define HAVE_STDINT_H 1
| #define HAVE_UNISTD_H 1
| #define HAVE_ZLIB_H 1
| #define HAVE_WCHAR_H 1
| #define HAVE_JPEGLIB_H 1
| #define HAVE_ASSERT_H 1
| #define HAVE_SIGNAL_H 1
| #define HAVE_PTHREAD_H 1
| #define HAVE_SYS_STAT_H 1
| #define HAVE_SYS_MMAN_H 1
| #define HAVE_SYS_TYPES_H 1
| #define HAVE_DIRENT_H 1
| #define HAVE_SYS_DIR_H 1
| #define HAVE_TIME_H 1
| #define HAVE_SYS_TIME_H 1
| #define HAVE_SYS_RESOURCE_H 1
| #define PACKAGE "swftools"
| #define VERSION "2011-01-23-1815"
| /* end confdefs.h.  */
| #include <stdio.h>
| #ifdef HAVE_SYS_TYPES_H
| # include <sys/types.h>
| #endif
| #ifdef HAVE_SYS_STAT_H
| # include <sys/stat.h>
| #endif
| #ifdef STDC_HEADERS
| # include <stdlib.h>
| # include <stddef.h>
| #else
| # ifdef HAVE_STDLIB_H
| #  include <stdlib.h>
| # endif
| #endif
| #ifdef HAVE_STRING_H
| # if !defined STDC_HEADERS && defined HAVE_MEMORY_H
| #  include <memory.h>
| # endif
| # include <string.h>
| #endif
| #ifdef HAVE_STRINGS_H
| # include <strings.h>
| #endif
| #ifdef HAVE_INTTYPES_H
| # include <inttypes.h>
| #endif
| #ifdef HAVE_STDINT_H
| # include <stdint.h>
| #endif
| #ifdef HAVE_UNISTD_H
| # include <unistd.h>
| #endif
| int
| main ()
| {
| if (sizeof ((off_t)))
| 	    return 0;
|   ;
|   return 0;
| }
configure:5554: result: yes
configure:5565: checking for size_t
configure:5565: gcc -c -fPIC -Wimplicit -Wreturn-type -Wno-write-strings -Wformat -O -fomit-frame-pointer   conftest.c >&5
configure:5565: $? = 0
configure:5565: gcc -c -fPIC -Wimplicit -Wreturn-type -Wno-write-strings -Wformat -O -fomit-frame-pointer   conftest.c >&5
conftest.c: In function 'main':
conftest.c:78:21: error: expected expression before ')' token
configure:5565: $? = 1
configure: failed program was:
| /* confdefs.h */
| #define PACKAGE_NAME ""
| #define PACKAGE_TARNAME ""
| #define PACKAGE_VERSION ""
| #define PACKAGE_STRING ""
| #define PACKAGE_BUGREPORT ""
| #define PACKAGE_URL ""
| #define LINUX 1
| #define O_BINARY 0
| #define HAVE_LIBM 1
| #define HAVE_LIBZ 1
| #define HAVE_LIBJPEG 1
| #define SYSTEM_BACKTICKS 1
| #define HAVE_DIRENT_H 1
| #define STDC_HEADERS 1
| #define HAVE_SYS_TYPES_H 1
| #define HAVE_SYS_STAT_H 1
| #define HAVE_STDLIB_H 1
| #define HAVE_STRING_H 1
| #define HAVE_MEMORY_H 1
| #define HAVE_STRINGS_H 1
| #define HAVE_INTTYPES_H 1
| #define HAVE_STDINT_H 1
| #define HAVE_UNISTD_H 1
| #define HAVE_ZLIB_H 1
| #define HAVE_WCHAR_H 1
| #define HAVE_JPEGLIB_H 1
| #define HAVE_ASSERT_H 1
| #define HAVE_SIGNAL_H 1
| #define HAVE_PTHREAD_H 1
| #define HAVE_SYS_STAT_H 1
| #define HAVE_SYS_MMAN_H 1
| #define HAVE_SYS_TYPES_H 1
| #define HAVE_DIRENT_H 1
| #define HAVE_SYS_DIR_H 1
| #define HAVE_TIME_H 1
| #define HAVE_SYS_TIME_H 1
| #define HAVE_SYS_RESOURCE_H 1
| #define PACKAGE "swftools"
| #define VERSION "2011-01-23-1815"
| /* end confdefs.h.  */
| #include <stdio.h>
| #ifdef HAVE_SYS_TYPES_H
| # include <sys/types.h>
| #endif
| #ifdef HAVE_SYS_STAT_H
| # include <sys/stat.h>
| #endif
| #ifdef STDC_HEADERS
| # include <stdlib.h>
| # include <stddef.h>
| #else
| # ifdef HAVE_STDLIB_H
| #  include <stdlib.h>
| # endif
| #endif
| #ifdef HAVE_STRING_H
| # if !defined STDC_HEADERS && defined HAVE_MEMORY_H
| #  include <memory.h>
| # endif
| # include <string.h>
| #endif
| #ifdef HAVE_STRINGS_H
| # include <strings.h>
| #endif
| #ifdef HAVE_INTTYPES_H
| # include <inttypes.h>
| #endif
| #ifdef HAVE_STDINT_H
| # include <stdint.h>
| #endif
| #ifdef HAVE_UNISTD_H
| # include <unistd.h>
| #endif
| int
| main ()
| {
| if (sizeof ((size_t)))
| 	    return 0;
|   ;
|   return 0;
| }
configure:5565: result: yes
configure:5576: checking whether struct tm is in sys/time.h or time.h
configure:5596: gcc -c -fPIC -Wimplicit -Wreturn-type -Wno-write-strings -Wformat -O -fomit-frame-pointer   conftest.c >&5
configure:5596: $? = 0
configure:5603: result: time.h
configure:5611: checking for boolean
configure:5611: gcc -c -fPIC -Wimplicit -Wreturn-type -Wno-write-strings -Wformat -O -fomit-frame-pointer   conftest.c >&5
conftest.c: In function 'main':
conftest.c:78:13: error: 'boolean' undeclared (first use in this function)
conftest.c:78:13: note: each undeclared identifier is reported only once for each function it appears in
configure:5611: $? = 1
configure: failed program was:
| /* confdefs.h */
| #define PACKAGE_NAME ""
| #define PACKAGE_TARNAME ""
| #define PACKAGE_VERSION ""
| #define PACKAGE_STRING ""
| #define PACKAGE_BUGREPORT ""
| #define PACKAGE_URL ""
| #define LINUX 1
| #define O_BINARY 0
| #define HAVE_LIBM 1
| #define HAVE_LIBZ 1
| #define HAVE_LIBJPEG 1
| #define SYSTEM_BACKTICKS 1
| #define HAVE_DIRENT_H 1
| #define STDC_HEADERS 1
| #define HAVE_SYS_TYPES_H 1
| #define HAVE_SYS_STAT_H 1
| #define HAVE_STDLIB_H 1
| #define HAVE_STRING_H 1
| #define HAVE_MEMORY_H 1
| #define HAVE_STRINGS_H 1
| #define HAVE_INTTYPES_H 1
| #define HAVE_STDINT_H 1
| #define HAVE_UNISTD_H 1
| #define HAVE_ZLIB_H 1
| #define HAVE_WCHAR_H 1
| #define HAVE_JPEGLIB_H 1
| #define HAVE_ASSERT_H 1
| #define HAVE_SIGNAL_H 1
| #define HAVE_PTHREAD_H 1
| #define HAVE_SYS_STAT_H 1
| #define HAVE_SYS_MMAN_H 1
| #define HAVE_SYS_TYPES_H 1
| #define HAVE_DIRENT_H 1
| #define HAVE_SYS_DIR_H 1
| #define HAVE_TIME_H 1
| #define HAVE_SYS_TIME_H 1
| #define HAVE_SYS_RESOURCE_H 1
| #define PACKAGE "swftools"
| #define VERSION "2011-01-23-1815"
| /* end confdefs.h.  */
| #include <stdio.h>
| #ifdef HAVE_SYS_TYPES_H
| # include <sys/types.h>
| #endif
| #ifdef HAVE_SYS_STAT_H
| # include <sys/stat.h>
| #endif
| #ifdef STDC_HEADERS
| # include <stdlib.h>
| # include <stddef.h>
| #else
| # ifdef HAVE_STDLIB_H
| #  include <stdlib.h>
| # endif
| #endif
| #ifdef HAVE_STRING_H
| # if !defined STDC_HEADERS && defined HAVE_MEMORY_H
| #  include <memory.h>
| # endif
| # include <string.h>
| #endif
| #ifdef HAVE_STRINGS_H
| # include <strings.h>
| #endif
| #ifdef HAVE_INTTYPES_H
| # include <inttypes.h>
| #endif
| #ifdef HAVE_STDINT_H
| # include <stdint.h>
| #endif
| #ifdef HAVE_UNISTD_H
| # include <unistd.h>
| #endif
| int
| main ()
| {
| if (sizeof (boolean))
| 	 return 0;
|   ;
|   return 0;
| }
configure:5611: result: no
configure:5625: checking for popen
configure:5625: gcc -o conftest -fPIC -Wimplicit -Wreturn-type -Wno-write-strings -Wformat -O -fomit-frame-pointer    -L/usr/local/lib conftest.c -ljpeg -lz -lm  >&5
configure:5625: $? = 0
configure:5625: result: yes
configure:5625: checking for wcschr
configure:5625: gcc -o conftest -fPIC -Wimplicit -Wreturn-type -Wno-write-strings -Wformat -O -fomit-frame-pointer    -L/usr/local/lib conftest.c -ljpeg -lz -lm  >&5
configure:5625: $? = 0
configure:5625: result: yes
configure:5625: checking for wcsdup
configure:5625: gcc -o conftest -fPIC -Wimplicit -Wreturn-type -Wno-write-strings -Wformat -O -fomit-frame-pointer    -L/usr/local/lib conftest.c -ljpeg -lz -lm  >&5
configure:5625: $? = 0
configure:5625: result: yes
configure:5625: checking for mkstemp
configure:5625: gcc -o conftest -fPIC -Wimplicit -Wreturn-type -Wno-write-strings -Wformat -O -fomit-frame-pointer    -L/usr/local/lib conftest.c -ljpeg -lz -lm  >&5
configure:5625: $? = 0
configure:5625: result: yes
configure:5625: checking for stat
configure:5625: gcc -o conftest -fPIC -Wimplicit -Wreturn-type -Wno-write-strings -Wformat -O -fomit-frame-pointer    -L/usr/local/lib conftest.c -ljpeg -lz -lm  >&5
configure:5625: $? = 0
configure:5625: result: yes
configure:5625: checking for mmap
configure:5625: gcc -o conftest -fPIC -Wimplicit -Wreturn-type -Wno-write-strings -Wformat -O -fomit-frame-pointer    -L/usr/local/lib conftest.c -ljpeg -lz -lm  >&5
configure:5625: $? = 0
configure:5625: result: yes
configure:5625: checking for lrand48
configure:5625: gcc -o conftest -fPIC -Wimplicit -Wreturn-type -Wno-write-strings -Wformat -O -fomit-frame-pointer    -L/usr/local/lib conftest.c -ljpeg -lz -lm  >&5
configure:5625: $? = 0
configure:5625: result: yes
configure:5625: checking for rand
configure:5625: gcc -o conftest -fPIC -Wimplicit -Wreturn-type -Wno-write-strings -Wformat -O -fomit-frame-pointer    -L/usr/local/lib conftest.c -ljpeg -lz -lm  >&5
configure:5625: $? = 0
configure:5625: result: yes
configure:5625: checking for srand48
configure:5625: gcc -o conftest -fPIC -Wimplicit -Wreturn-type -Wno-write-strings -Wformat -O -fomit-frame-pointer    -L/usr/local/lib conftest.c -ljpeg -lz -lm  >&5
configure:5625: $? = 0
configure:5625: result: yes
configure:5625: checking for srand
configure:5625: gcc -o conftest -fPIC -Wimplicit -Wreturn-type -Wno-write-strings -Wformat -O -fomit-frame-pointer    -L/usr/local/lib conftest.c -ljpeg -lz -lm  >&5
configure:5625: $? = 0
configure:5625: result: yes
configure:5625: checking for bcopy
configure:5625: gcc -o conftest -fPIC -Wimplicit -Wreturn-type -Wno-write-strings -Wformat -O -fomit-frame-pointer    -L/usr/local/lib conftest.c -ljpeg -lz -lm  >&5
conftest.c:76:6: warning: conflicting types for built-in function 'bcopy'
configure:5625: $? = 0
configure:5625: result: yes
configure:5625: checking for bzero
configure:5625: gcc -o conftest -fPIC -Wimplicit -Wreturn-type -Wno-write-strings -Wformat -O -fomit-frame-pointer    -L/usr/local/lib conftest.c -ljpeg -lz -lm  >&5
conftest.c:77:6: warning: conflicting types for built-in function 'bzero'
configure:5625: $? = 0
configure:5625: result: yes
configure:5625: checking for time
configure:5625: gcc -o conftest -fPIC -Wimplicit -Wreturn-type -Wno-write-strings -Wformat -O -fomit-frame-pointer    -L/usr/local/lib conftest.c -ljpeg -lz -lm  >&5
configure:5625: $? = 0
configure:5625: result: yes
configure:5625: checking for getrusage
configure:5625: gcc -o conftest -fPIC -Wimplicit -Wreturn-type -Wno-write-strings -Wformat -O -fomit-frame-pointer    -L/usr/local/lib conftest.c -ljpeg -lz -lm  >&5
configure:5625: $? = 0
configure:5625: result: yes
configure:5625: checking for mallinfo
configure:5625: gcc -o conftest -fPIC -Wimplicit -Wreturn-type -Wno-write-strings -Wformat -O -fomit-frame-pointer    -L/usr/local/lib conftest.c -ljpeg -lz -lm  >&5
configure:5625: $? = 0
configure:5625: result: yes
configure:5625: checking for open64
configure:5625: gcc -o conftest -fPIC -Wimplicit -Wreturn-type -Wno-write-strings -Wformat -O -fomit-frame-pointer    -L/usr/local/lib conftest.c -ljpeg -lz -lm  >&5
configure:5625: $? = 0
configure:5625: result: yes
configure:5625: checking for calloc
configure:5625: gcc -o conftest -fPIC -Wimplicit -Wreturn-type -Wno-write-strings -Wformat -O -fomit-frame-pointer    -L/usr/local/lib conftest.c -ljpeg -lz -lm  >&5
conftest.c:82:6: warning: conflicting types for built-in function 'calloc'
configure:5625: $? = 0
configure:5625: result: yes
configure:5639: checking size of signed char
configure:5644: gcc -o conftest -fPIC -Wimplicit -Wreturn-type -Wno-write-strings -Wformat -O -fomit-frame-pointer    -L/usr/local/lib conftest.c -ljpeg -lz -lm  >&5
configure:5644: $? = 0
configure:5644: ./conftest
configure:5644: $? = 0
configure:5658: result: 1
configure:5672: checking size of signed short
configure:5677: gcc -o conftest -fPIC -Wimplicit -Wreturn-type -Wno-write-strings -Wformat -O -fomit-frame-pointer    -L/usr/local/lib conftest.c -ljpeg -lz -lm  >&5
configure:5677: $? = 0
configure:5677: ./conftest
configure:5677: $? = 0
configure:5691: result: 2
configure:5705: checking size of signed
configure:5710: gcc -o conftest -fPIC -Wimplicit -Wreturn-type -Wno-write-strings -Wformat -O -fomit-frame-pointer    -L/usr/local/lib conftest.c -ljpeg -lz -lm  >&5
configure:5710: $? = 0
configure:5710: ./conftest
configure:5710: $? = 0
configure:5724: result: 4
configure:5738: checking size of signed long long
configure:5743: gcc -o conftest -fPIC -Wimplicit -Wreturn-type -Wno-write-strings -Wformat -O -fomit-frame-pointer    -L/usr/local/lib conftest.c -ljpeg -lz -lm  >&5
configure:5743: $? = 0
configure:5743: ./conftest
configure:5743: $? = 0
configure:5757: result: 8
configure:5771: checking size of void*
configure:5776: gcc -o conftest -fPIC -Wimplicit -Wreturn-type -Wno-write-strings -Wformat -O -fomit-frame-pointer    -L/usr/local/lib conftest.c -ljpeg -lz -lm  >&5
configure:5776: $? = 0
configure:5776: ./conftest
configure:5776: $? = 0
configure:5790: result: 8
configure:5805: checking for freetype-config
configure:5824: found /usr/bin/freetype-config
configure:5836: result: /usr/bin/freetype-config
configure:5905: checking ft2build.h usability
configure:5905: gcc -c -fPIC -Wimplicit -Wreturn-type -Wno-write-strings -Wformat -O -fomit-frame-pointer   -I/usr/include/freetype2 conftest.c >&5
configure:5905: $? = 0
configure:5905: result: yes
configure:5905: checking ft2build.h presence
configure:5905: gcc -E  -I/usr/include/freetype2 conftest.c
configure:5905: $? = 0
configure:5905: result: yes
configure:5905: checking for ft2build.h
configure:5905: result: yes
configure:5951: checking whether we can compile the freetype test program
freetype.m4:71: gcc  -I/usr/include/freetype2 -fPIC -Wimplicit -Wreturn-type -Wno-write-strings -Wformat -O -fomit-frame-pointer  conftest.c  -L/usr/local/lib -ljpeg -lz -lm  -lfreetype -lz -o conftest
configure:6012: result: yes
configure:6048: checking for FcInit in -lfontconfig
configure:6073: gcc  -I/usr/include/freetype2 -I/usr/include/fontconfig -fPIC -Wimplicit -Wreturn-type -Wno-write-strings -Wformat -O -fomit-frame-pointer  conftest.c  -L/usr/local/lib -lfontconfig  -ljpeg -lz -lm  -lfreetype -lz -o conftest
configure:6073: $? = 0
configure:6082: result: yes
configure:6090: checking fontconfig.h usability
configure:6090: gcc -c -fPIC -Wimplicit -Wreturn-type -Wno-write-strings -Wformat -O -fomit-frame-pointer   -I/usr/include/freetype2 -I/usr/include/fontconfig conftest.c >&5
configure:6090: $? = 0
configure:6090: result: yes
configure:6090: checking fontconfig.h presence
configure:6090: gcc -E  -I/usr/include/freetype2 -I/usr/include/fontconfig conftest.c
configure:6090: $? = 0
configure:6090: result: yes
configure:6090: checking for fontconfig.h
configure:6090: result: yes
configure:6109: checking whether we can compile the fontconfig test program
freetype.m4:71: gcc  -I/usr/include/freetype2 -I/usr/include/fontconfig -fPIC -Wimplicit -Wreturn-type -Wno-write-strings -Wformat -O -fomit-frame-pointer  conftest.c  -L/usr/local/lib -ljpeg -lz -lm  -lz -lfontconfig -lfreetype -o conftest
conftest.c: In function 'main':
conftest.c:12:5: warning: missing sentinel in function call
conftest.c:28:5: warning: passing argument 4 of 'FcPatternGetBool' from incompatible pointer type
/usr/include/fontconfig/fontconfig.h:828:1: note: expected 'FcBool *' but argument is of type 'FcChar8 **'
configure:6157: result: yes
configure:6183: checking for fftwf_plan_dft_r2c_2d in -lfftw3f
configure:6208: gcc  -I/usr/include/freetype2 -I/usr/include/fontconfig -fPIC -Wimplicit -Wreturn-type -Wno-write-strings -Wformat -O -fomit-frame-pointer  conftest.c  -L/usr/local/lib -lfftw3f  -ljpeg -lz -lm  -lz -lfontconfig -lfreetype -o conftest
/usr/lib64/gcc/x86_64-suse-linux/4.5/../../../../x86_64-suse-linux/bin/ld: cannot find -lfftw3f
collect2: ld returned 1 exit status
configure:6208: $? = 1
configure: failed program was:
| /* confdefs.h */
| #define PACKAGE_NAME ""
| #define PACKAGE_TARNAME ""
| #define PACKAGE_VERSION ""
| #define PACKAGE_STRING ""
| #define PACKAGE_BUGREPORT ""
| #define PACKAGE_URL ""
| #define LINUX 1
| #define O_BINARY 0
| #define HAVE_LIBM 1
| #define HAVE_LIBZ 1
| #define HAVE_LIBJPEG 1
| #define SYSTEM_BACKTICKS 1
| #define HAVE_DIRENT_H 1
| #define STDC_HEADERS 1
| #define HAVE_SYS_TYPES_H 1
| #define HAVE_SYS_STAT_H 1
| #define HAVE_STDLIB_H 1
| #define HAVE_STRING_H 1
| #define HAVE_MEMORY_H 1
| #define HAVE_STRINGS_H 1
| #define HAVE_INTTYPES_H 1
| #define HAVE_STDINT_H 1
| #define HAVE_UNISTD_H 1
| #define HAVE_ZLIB_H 1
| #define HAVE_WCHAR_H 1
| #define HAVE_JPEGLIB_H 1
| #define HAVE_ASSERT_H 1
| #define HAVE_SIGNAL_H 1
| #define HAVE_PTHREAD_H 1
| #define HAVE_SYS_STAT_H 1
| #define HAVE_SYS_MMAN_H 1
| #define HAVE_SYS_TYPES_H 1
| #define HAVE_DIRENT_H 1
| #define HAVE_SYS_DIR_H 1
| #define HAVE_TIME_H 1
| #define HAVE_SYS_TIME_H 1
| #define HAVE_SYS_RESOURCE_H 1
| #define PACKAGE "swftools"
| #define VERSION "2011-01-23-1815"
| #define boolean int
| #define HAVE_POPEN 1
| #define HAVE_WCSCHR 1
| #define HAVE_WCSDUP 1
| #define HAVE_MKSTEMP 1
| #define HAVE_STAT 1
| #define HAVE_MMAP 1
| #define HAVE_LRAND48 1
| #define HAVE_RAND 1
| #define HAVE_SRAND48 1
| #define HAVE_SRAND 1
| #define HAVE_BCOPY 1
| #define HAVE_BZERO 1
| #define HAVE_TIME 1
| #define HAVE_GETRUSAGE 1
| #define HAVE_MALLINFO 1
| #define HAVE_OPEN64 1
| #define HAVE_CALLOC 1
| #define SIZEOF_SIGNED_CHAR 1
| #define SIZEOF_SIGNED_SHORT 2
| #define SIZEOF_SIGNED 4
| #define SIZEOF_SIGNED_LONG_LONG 8
| #define SIZEOF_VOIDP 8
| #define HAVE_FT2BUILD_H 1
| #define HAVE_FREETYPE 1
| #define HAVE_FREETYPE_FREETYPE_H 1
| #define USE_FREETYPE 1
| #define HAVE_FONTCONFIG_H 1
| #define HAVE_FONTCONFIG 1
| /* end confdefs.h.  */
| 
| /* Override any GCC internal prototype to avoid an error.
|    Use char because int might match the return type of a GCC
|    builtin and then its argument prototype would still apply.  */
| #ifdef __cplusplus
| extern "C"
| #endif
| char fftwf_plan_dft_r2c_2d ();
| int
| main ()
| {
| return fftwf_plan_dft_r2c_2d ();
|   ;
|   return 0;
| }
configure:6217: result: no
configure:6225: checking fftw3.h usability
configure:6225: gcc -c -fPIC -Wimplicit -Wreturn-type -Wno-write-strings -Wformat -O -fomit-frame-pointer   -I/usr/include/freetype2 -I/usr/include/fontconfig conftest.c >&5
conftest.c:104:19: fatal error: fftw3.h: No such file or directory
compilation terminated.
configure:6225: $? = 1
configure: failed program was:
| /* confdefs.h */
| #define PACKAGE_NAME ""
| #define PACKAGE_TARNAME ""
| #define PACKAGE_VERSION ""
| #define PACKAGE_STRING ""
| #define PACKAGE_BUGREPORT ""
| #define PACKAGE_URL ""
| #define LINUX 1
| #define O_BINARY 0
| #define HAVE_LIBM 1
| #define HAVE_LIBZ 1
| #define HAVE_LIBJPEG 1
| #define SYSTEM_BACKTICKS 1
| #define HAVE_DIRENT_H 1
| #define STDC_HEADERS 1
| #define HAVE_SYS_TYPES_H 1
| #define HAVE_SYS_STAT_H 1
| #define HAVE_STDLIB_H 1
| #define HAVE_STRING_H 1
| #define HAVE_MEMORY_H 1
| #define HAVE_STRINGS_H 1
| #define HAVE_INTTYPES_H 1
| #define HAVE_STDINT_H 1
| #define HAVE_UNISTD_H 1
| #define HAVE_ZLIB_H 1
| #define HAVE_WCHAR_H 1
| #define HAVE_JPEGLIB_H 1
| #define HAVE_ASSERT_H 1
| #define HAVE_SIGNAL_H 1
| #define HAVE_PTHREAD_H 1
| #define HAVE_SYS_STAT_H 1
| #define HAVE_SYS_MMAN_H 1
| #define HAVE_SYS_TYPES_H 1
| #define HAVE_DIRENT_H 1
| #define HAVE_SYS_DIR_H 1
| #define HAVE_TIME_H 1
| #define HAVE_SYS_TIME_H 1
| #define HAVE_SYS_RESOURCE_H 1
| #define PACKAGE "swftools"
| #define VERSION "2011-01-23-1815"
| #define boolean int
| #define HAVE_POPEN 1
| #define HAVE_WCSCHR 1
| #define HAVE_WCSDUP 1
| #define HAVE_MKSTEMP 1
| #define HAVE_STAT 1
| #define HAVE_MMAP 1
| #define HAVE_LRAND48 1
| #define HAVE_RAND 1
| #define HAVE_SRAND48 1
| #define HAVE_SRAND 1
| #define HAVE_BCOPY 1
| #define HAVE_BZERO 1
| #define HAVE_TIME 1
| #define HAVE_GETRUSAGE 1
| #define HAVE_MALLINFO 1
| #define HAVE_OPEN64 1
| #define HAVE_CALLOC 1
| #define SIZEOF_SIGNED_CHAR 1
| #define SIZEOF_SIGNED_SHORT 2
| #define SIZEOF_SIGNED 4
| #define SIZEOF_SIGNED_LONG_LONG 8
| #define SIZEOF_VOIDP 8
| #define HAVE_FT2BUILD_H 1
| #define HAVE_FREETYPE 1
| #define HAVE_FREETYPE_FREETYPE_H 1
| #define USE_FREETYPE 1
| #define HAVE_FONTCONFIG_H 1
| #define HAVE_FONTCONFIG 1
| /* end confdefs.h.  */
| #include <stdio.h>
| #ifdef HAVE_SYS_TYPES_H
| # include <sys/types.h>
| #endif
| #ifdef HAVE_SYS_STAT_H
| # include <sys/stat.h>
| #endif
| #ifdef STDC_HEADERS
| # include <stdlib.h>
| # include <stddef.h>
| #else
| # ifdef HAVE_STDLIB_H
| #  include <stdlib.h>
| # endif
| #endif
| #ifdef HAVE_STRING_H
| # if !defined STDC_HEADERS && defined HAVE_MEMORY_H
| #  include <memory.h>
| # endif
| # include <string.h>
| #endif
| #ifdef HAVE_STRINGS_H
| # include <strings.h>
| #endif
| #ifdef HAVE_INTTYPES_H
| # include <inttypes.h>
| #endif
| #ifdef HAVE_STDINT_H
| # include <stdint.h>
| #endif
| #ifdef HAVE_UNISTD_H
| # include <unistd.h>
| #endif
| #include <fftw3.h>
configure:6225: result: no
configure:6225: checking fftw3.h presence
configure:6225: gcc -E  -I/usr/include/freetype2 -I/usr/include/fontconfig conftest.c
conftest.c:71:19: fatal error: fftw3.h: No such file or directory
compilation terminated.
configure:6225: $? = 1
configure: failed program was:
| /* confdefs.h */
| #define PACKAGE_NAME ""
| #define PACKAGE_TARNAME ""
| #define PACKAGE_VERSION ""
| #define PACKAGE_STRING ""
| #define PACKAGE_BUGREPORT ""
| #define PACKAGE_URL ""
| #define LINUX 1
| #define O_BINARY 0
| #define HAVE_LIBM 1
| #define HAVE_LIBZ 1
| #define HAVE_LIBJPEG 1
| #define SYSTEM_BACKTICKS 1
| #define HAVE_DIRENT_H 1
| #define STDC_HEADERS 1
| #define HAVE_SYS_TYPES_H 1
| #define HAVE_SYS_STAT_H 1
| #define HAVE_STDLIB_H 1
| #define HAVE_STRING_H 1
| #define HAVE_MEMORY_H 1
| #define HAVE_STRINGS_H 1
| #define HAVE_INTTYPES_H 1
| #define HAVE_STDINT_H 1
| #define HAVE_UNISTD_H 1
| #define HAVE_ZLIB_H 1
| #define HAVE_WCHAR_H 1
| #define HAVE_JPEGLIB_H 1
| #define HAVE_ASSERT_H 1
| #define HAVE_SIGNAL_H 1
| #define HAVE_PTHREAD_H 1
| #define HAVE_SYS_STAT_H 1
| #define HAVE_SYS_MMAN_H 1
| #define HAVE_SYS_TYPES_H 1
| #define HAVE_DIRENT_H 1
| #define HAVE_SYS_DIR_H 1
| #define HAVE_TIME_H 1
| #define HAVE_SYS_TIME_H 1
| #define HAVE_SYS_RESOURCE_H 1
| #define PACKAGE "swftools"
| #define VERSION "2011-01-23-1815"
| #define boolean int
| #define HAVE_POPEN 1
| #define HAVE_WCSCHR 1
| #define HAVE_WCSDUP 1
| #define HAVE_MKSTEMP 1
| #define HAVE_STAT 1
| #define HAVE_MMAP 1
| #define HAVE_LRAND48 1
| #define HAVE_RAND 1
| #define HAVE_SRAND48 1
| #define HAVE_SRAND 1
| #define HAVE_BCOPY 1
| #define HAVE_BZERO 1
| #define HAVE_TIME 1
| #define HAVE_GETRUSAGE 1
| #define HAVE_MALLINFO 1
| #define HAVE_OPEN64 1
| #define HAVE_CALLOC 1
| #define SIZEOF_SIGNED_CHAR 1
| #define SIZEOF_SIGNED_SHORT 2
| #define SIZEOF_SIGNED 4
| #define SIZEOF_SIGNED_LONG_LONG 8
| #define SIZEOF_VOIDP 8
| #define HAVE_FT2BUILD_H 1
| #define HAVE_FREETYPE 1
| #define HAVE_FREETYPE_FREETYPE_H 1
| #define USE_FREETYPE 1
| #define HAVE_FONTCONFIG_H 1
| #define HAVE_FONTCONFIG 1
| /* end confdefs.h.  */
| #include <fftw3.h>
configure:6225: result: no
configure:6225: checking for fftw3.h
configure:6225: result: no
configure:6313: checking for lame_init in -lmp3lame
configure:6338: gcc  -I/usr/include/freetype2 -I/usr/include/fontconfig -fPIC -Wimplicit -Wreturn-type -Wno-write-strings -Wformat -O -fomit-frame-pointer  conftest.c  -L/usr/local/lib -lmp3lame  -ljpeg -lz -lm  -lz -lfontconfig -lfreetype -o conftest
/usr/lib64/gcc/x86_64-suse-linux/4.5/../../../../x86_64-suse-linux/bin/ld: cannot find -lmp3lame
collect2: ld returned 1 exit status
configure:6338: $? = 1
configure: failed program was:
| /* confdefs.h */
| #define PACKAGE_NAME ""
| #define PACKAGE_TARNAME ""
| #define PACKAGE_VERSION ""
| #define PACKAGE_STRING ""
| #define PACKAGE_BUGREPORT ""
| #define PACKAGE_URL ""
| #define LINUX 1
| #define O_BINARY 0
| #define HAVE_LIBM 1
| #define HAVE_LIBZ 1
| #define HAVE_LIBJPEG 1
| #define SYSTEM_BACKTICKS 1
| #define HAVE_DIRENT_H 1
| #define STDC_HEADERS 1
| #define HAVE_SYS_TYPES_H 1
| #define HAVE_SYS_STAT_H 1
| #define HAVE_STDLIB_H 1
| #define HAVE_STRING_H 1
| #define HAVE_MEMORY_H 1
| #define HAVE_STRINGS_H 1
| #define HAVE_INTTYPES_H 1
| #define HAVE_STDINT_H 1
| #define HAVE_UNISTD_H 1
| #define HAVE_ZLIB_H 1
| #define HAVE_WCHAR_H 1
| #define HAVE_JPEGLIB_H 1
| #define HAVE_ASSERT_H 1
| #define HAVE_SIGNAL_H 1
| #define HAVE_PTHREAD_H 1
| #define HAVE_SYS_STAT_H 1
| #define HAVE_SYS_MMAN_H 1
| #define HAVE_SYS_TYPES_H 1
| #define HAVE_DIRENT_H 1
| #define HAVE_SYS_DIR_H 1
| #define HAVE_TIME_H 1
| #define HAVE_SYS_TIME_H 1
| #define HAVE_SYS_RESOURCE_H 1
| #define PACKAGE "swftools"
| #define VERSION "2011-01-23-1815"
| #define boolean int
| #define HAVE_POPEN 1
| #define HAVE_WCSCHR 1
| #define HAVE_WCSDUP 1
| #define HAVE_MKSTEMP 1
| #define HAVE_STAT 1
| #define HAVE_MMAP 1
| #define HAVE_LRAND48 1
| #define HAVE_RAND 1
| #define HAVE_SRAND48 1
| #define HAVE_SRAND 1
| #define HAVE_BCOPY 1
| #define HAVE_BZERO 1
| #define HAVE_TIME 1
| #define HAVE_GETRUSAGE 1
| #define HAVE_MALLINFO 1
| #define HAVE_OPEN64 1
| #define HAVE_CALLOC 1
| #define SIZEOF_SIGNED_CHAR 1
| #define SIZEOF_SIGNED_SHORT 2
| #define SIZEOF_SIGNED 4
| #define SIZEOF_SIGNED_LONG_LONG 8
| #define SIZEOF_VOIDP 8
| #define HAVE_FT2BUILD_H 1
| #define HAVE_FREETYPE 1
| #define HAVE_FREETYPE_FREETYPE_H 1
| #define USE_FREETYPE 1
| #define HAVE_FONTCONFIG_H 1
| #define HAVE_FONTCONFIG 1
| /* end confdefs.h.  */
| 
| /* Override any GCC internal prototype to avoid an error.
|    Use char because int might match the return type of a GCC
|    builtin and then its argument prototype would still apply.  */
| #ifdef __cplusplus
| extern "C"
| #endif
| char lame_init ();
| int
| main ()
| {
| return lame_init ();
|   ;
|   return 0;
| }
configure:6347: result: no
configure:6363: checking lame.h usability
configure:6363: gcc -c -fPIC -Wimplicit -Wreturn-type -Wno-write-strings -Wformat -O -fomit-frame-pointer   -I/usr/include/freetype2 -I/usr/include/fontconfig conftest.c >&5
conftest.c:104:18: fatal error: lame.h: No such file or directory
compilation terminated.
configure:6363: $? = 1
configure: failed program was:
| /* confdefs.h */
| #define PACKAGE_NAME ""
| #define PACKAGE_TARNAME ""
| #define PACKAGE_VERSION ""
| #define PACKAGE_STRING ""
| #define PACKAGE_BUGREPORT ""
| #define PACKAGE_URL ""
| #define LINUX 1
| #define O_BINARY 0
| #define HAVE_LIBM 1
| #define HAVE_LIBZ 1
| #define HAVE_LIBJPEG 1
| #define SYSTEM_BACKTICKS 1
| #define HAVE_DIRENT_H 1
| #define STDC_HEADERS 1
| #define HAVE_SYS_TYPES_H 1
| #define HAVE_SYS_STAT_H 1
| #define HAVE_STDLIB_H 1
| #define HAVE_STRING_H 1
| #define HAVE_MEMORY_H 1
| #define HAVE_STRINGS_H 1
| #define HAVE_INTTYPES_H 1
| #define HAVE_STDINT_H 1
| #define HAVE_UNISTD_H 1
| #define HAVE_ZLIB_H 1
| #define HAVE_WCHAR_H 1
| #define HAVE_JPEGLIB_H 1
| #define HAVE_ASSERT_H 1
| #define HAVE_SIGNAL_H 1
| #define HAVE_PTHREAD_H 1
| #define HAVE_SYS_STAT_H 1
| #define HAVE_SYS_MMAN_H 1
| #define HAVE_SYS_TYPES_H 1
| #define HAVE_DIRENT_H 1
| #define HAVE_SYS_DIR_H 1
| #define HAVE_TIME_H 1
| #define HAVE_SYS_TIME_H 1
| #define HAVE_SYS_RESOURCE_H 1
| #define PACKAGE "swftools"
| #define VERSION "2011-01-23-1815"
| #define boolean int
| #define HAVE_POPEN 1
| #define HAVE_WCSCHR 1
| #define HAVE_WCSDUP 1
| #define HAVE_MKSTEMP 1
| #define HAVE_STAT 1
| #define HAVE_MMAP 1
| #define HAVE_LRAND48 1
| #define HAVE_RAND 1
| #define HAVE_SRAND48 1
| #define HAVE_SRAND 1
| #define HAVE_BCOPY 1
| #define HAVE_BZERO 1
| #define HAVE_TIME 1
| #define HAVE_GETRUSAGE 1
| #define HAVE_MALLINFO 1
| #define HAVE_OPEN64 1
| #define HAVE_CALLOC 1
| #define SIZEOF_SIGNED_CHAR 1
| #define SIZEOF_SIGNED_SHORT 2
| #define SIZEOF_SIGNED 4
| #define SIZEOF_SIGNED_LONG_LONG 8
| #define SIZEOF_VOIDP 8
| #define HAVE_FT2BUILD_H 1
| #define HAVE_FREETYPE 1
| #define HAVE_FREETYPE_FREETYPE_H 1
| #define USE_FREETYPE 1
| #define HAVE_FONTCONFIG_H 1
| #define HAVE_FONTCONFIG 1
| /* end confdefs.h.  */
| #include <stdio.h>
| #ifdef HAVE_SYS_TYPES_H
| # include <sys/types.h>
| #endif
| #ifdef HAVE_SYS_STAT_H
| # include <sys/stat.h>
| #endif
| #ifdef STDC_HEADERS
| # include <stdlib.h>
| # include <stddef.h>
| #else
| # ifdef HAVE_STDLIB_H
| #  include <stdlib.h>
| # endif
| #endif
| #ifdef HAVE_STRING_H
| # if !defined STDC_HEADERS && defined HAVE_MEMORY_H
| #  include <memory.h>
| # endif
| # include <string.h>
| #endif
| #ifdef HAVE_STRINGS_H
| # include <strings.h>
| #endif
| #ifdef HAVE_INTTYPES_H
| # include <inttypes.h>
| #endif
| #ifdef HAVE_STDINT_H
| # include <stdint.h>
| #endif
| #ifdef HAVE_UNISTD_H
| # include <unistd.h>
| #endif
| #include <lame.h>
configure:6363: result: no
configure:6363: checking lame.h presence
configure:6363: gcc -E  -I/usr/include/freetype2 -I/usr/include/fontconfig conftest.c
conftest.c:71:18: fatal error: lame.h: No such file or directory
compilation terminated.
configure:6363: $? = 1
configure: failed program was:
| /* confdefs.h */
| #define PACKAGE_NAME ""
| #define PACKAGE_TARNAME ""
| #define PACKAGE_VERSION ""
| #define PACKAGE_STRING ""
| #define PACKAGE_BUGREPORT ""
| #define PACKAGE_URL ""
| #define LINUX 1
| #define O_BINARY 0
| #define HAVE_LIBM 1
| #define HAVE_LIBZ 1
| #define HAVE_LIBJPEG 1
| #define SYSTEM_BACKTICKS 1
| #define HAVE_DIRENT_H 1
| #define STDC_HEADERS 1
| #define HAVE_SYS_TYPES_H 1
| #define HAVE_SYS_STAT_H 1
| #define HAVE_STDLIB_H 1
| #define HAVE_STRING_H 1
| #define HAVE_MEMORY_H 1
| #define HAVE_STRINGS_H 1
| #define HAVE_INTTYPES_H 1
| #define HAVE_STDINT_H 1
| #define HAVE_UNISTD_H 1
| #define HAVE_ZLIB_H 1
| #define HAVE_WCHAR_H 1
| #define HAVE_JPEGLIB_H 1
| #define HAVE_ASSERT_H 1
| #define HAVE_SIGNAL_H 1
| #define HAVE_PTHREAD_H 1
| #define HAVE_SYS_STAT_H 1
| #define HAVE_SYS_MMAN_H 1
| #define HAVE_SYS_TYPES_H 1
| #define HAVE_DIRENT_H 1
| #define HAVE_SYS_DIR_H 1
| #define HAVE_TIME_H 1
| #define HAVE_SYS_TIME_H 1
| #define HAVE_SYS_RESOURCE_H 1
| #define PACKAGE "swftools"
| #define VERSION "2011-01-23-1815"
| #define boolean int
| #define HAVE_POPEN 1
| #define HAVE_WCSCHR 1
| #define HAVE_WCSDUP 1
| #define HAVE_MKSTEMP 1
| #define HAVE_STAT 1
| #define HAVE_MMAP 1
| #define HAVE_LRAND48 1
| #define HAVE_RAND 1
| #define HAVE_SRAND48 1
| #define HAVE_SRAND 1
| #define HAVE_BCOPY 1
| #define HAVE_BZERO 1
| #define HAVE_TIME 1
| #define HAVE_GETRUSAGE 1
| #define HAVE_MALLINFO 1
| #define HAVE_OPEN64 1
| #define HAVE_CALLOC 1
| #define SIZEOF_SIGNED_CHAR 1
| #define SIZEOF_SIGNED_SHORT 2
| #define SIZEOF_SIGNED 4
| #define SIZEOF_SIGNED_LONG_LONG 8
| #define SIZEOF_VOIDP 8
| #define HAVE_FT2BUILD_H 1
| #define HAVE_FREETYPE 1
| #define HAVE_FREETYPE_FREETYPE_H 1
| #define USE_FREETYPE 1
| #define HAVE_FONTCONFIG_H 1
| #define HAVE_FONTCONFIG 1
| /* end confdefs.h.  */
| #include <lame.h>
configure:6363: result: no
configure:6363: checking for lame.h
configure:6363: result: no
configure:6611: checking whether the filesystem normalizes file names
configure:6623: result: no
configure:6636: checking for avifile-config
configure:6666: result: no
configure:6696: checking whether we can compile the avifile test program
configure:6805: result: no
configure:6843: checking for ruby
configure:6861: found /usr/bin/ruby
configure:6873: result: /usr/bin/ruby
configure:6888: checking for ruby's include directory
configure:6893: result: /usr/lib64/ruby/1.8/x86_64-linux
configure:6898: checking for ruby's cpp flags
configure:6901: result:   
configure:6904: checking for ruby's ld flags
configure:6908: result: "-Wl,-R -Wl,/usr/lib64 -L/usr/lib64 -lruby  -shared"
configure:6911: checking for ruby library name
configure:6914: result: ruby
configure:6938: checking ruby.h usability
configure:6938: gcc -c -fPIC -Wimplicit -Wreturn-type -Wno-write-strings -Wformat -O -fomit-frame-pointer   -I/usr/include/freetype2 -I/usr/include/fontconfig    -I/usr/lib64/ruby/1.8/x86_64-linux  conftest.c >&5
conftest.c:105:18: fatal error: ruby.h: No such file or directory
compilation terminated.
configure:6938: $? = 1
configure: failed program was:
| /* confdefs.h */
| #define PACKAGE_NAME ""
| #define PACKAGE_TARNAME ""
| #define PACKAGE_VERSION ""
| #define PACKAGE_STRING ""
| #define PACKAGE_BUGREPORT ""
| #define PACKAGE_URL ""
| #define LINUX 1
| #define O_BINARY 0
| #define HAVE_LIBM 1
| #define HAVE_LIBZ 1
| #define HAVE_LIBJPEG 1
| #define SYSTEM_BACKTICKS 1
| #define HAVE_DIRENT_H 1
| #define STDC_HEADERS 1
| #define HAVE_SYS_TYPES_H 1
| #define HAVE_SYS_STAT_H 1
| #define HAVE_STDLIB_H 1
| #define HAVE_STRING_H 1
| #define HAVE_MEMORY_H 1
| #define HAVE_STRINGS_H 1
| #define HAVE_INTTYPES_H 1
| #define HAVE_STDINT_H 1
| #define HAVE_UNISTD_H 1
| #define HAVE_ZLIB_H 1
| #define HAVE_WCHAR_H 1
| #define HAVE_JPEGLIB_H 1
| #define HAVE_ASSERT_H 1
| #define HAVE_SIGNAL_H 1
| #define HAVE_PTHREAD_H 1
| #define HAVE_SYS_STAT_H 1
| #define HAVE_SYS_MMAN_H 1
| #define HAVE_SYS_TYPES_H 1
| #define HAVE_DIRENT_H 1
| #define HAVE_SYS_DIR_H 1
| #define HAVE_TIME_H 1
| #define HAVE_SYS_TIME_H 1
| #define HAVE_SYS_RESOURCE_H 1
| #define PACKAGE "swftools"
| #define VERSION "2011-01-23-1815"
| #define boolean int
| #define HAVE_POPEN 1
| #define HAVE_WCSCHR 1
| #define HAVE_WCSDUP 1
| #define HAVE_MKSTEMP 1
| #define HAVE_STAT 1
| #define HAVE_MMAP 1
| #define HAVE_LRAND48 1
| #define HAVE_RAND 1
| #define HAVE_SRAND48 1
| #define HAVE_SRAND 1
| #define HAVE_BCOPY 1
| #define HAVE_BZERO 1
| #define HAVE_TIME 1
| #define HAVE_GETRUSAGE 1
| #define HAVE_MALLINFO 1
| #define HAVE_OPEN64 1
| #define HAVE_CALLOC 1
| #define SIZEOF_SIGNED_CHAR 1
| #define SIZEOF_SIGNED_SHORT 2
| #define SIZEOF_SIGNED 4
| #define SIZEOF_SIGNED_LONG_LONG 8
| #define SIZEOF_VOIDP 8
| #define HAVE_FT2BUILD_H 1
| #define HAVE_FREETYPE 1
| #define HAVE_FREETYPE_FREETYPE_H 1
| #define USE_FREETYPE 1
| #define HAVE_FONTCONFIG_H 1
| #define HAVE_FONTCONFIG 1
| #define USE_GZIP 1
| /* end confdefs.h.  */
| #include <stdio.h>
| #ifdef HAVE_SYS_TYPES_H
| # include <sys/types.h>
| #endif
| #ifdef HAVE_SYS_STAT_H
| # include <sys/stat.h>
| #endif
| #ifdef STDC_HEADERS
| # include <stdlib.h>
| # include <stddef.h>
| #else
| # ifdef HAVE_STDLIB_H
| #  include <stdlib.h>
| # endif
| #endif
| #ifdef HAVE_STRING_H
| # if !defined STDC_HEADERS && defined HAVE_MEMORY_H
| #  include <memory.h>
| # endif
| # include <string.h>
| #endif
| #ifdef HAVE_STRINGS_H
| # include <strings.h>
| #endif
| #ifdef HAVE_INTTYPES_H
| # include <inttypes.h>
| #endif
| #ifdef HAVE_STDINT_H
| # include <stdint.h>
| #endif
| #ifdef HAVE_UNISTD_H
| # include <unistd.h>
| #endif
| #include <ruby.h>
configure:6938: result: no
configure:6938: checking ruby.h presence
configure:6938: gcc -E  -I/usr/include/freetype2 -I/usr/include/fontconfig    -I/usr/lib64/ruby/1.8/x86_64-linux  conftest.c
conftest.c:72:18: fatal error: ruby.h: No such file or directory
compilation terminated.
configure:6938: $? = 1
configure: failed program was:
| /* confdefs.h */
| #define PACKAGE_NAME ""
| #define PACKAGE_TARNAME ""
| #define PACKAGE_VERSION ""
| #define PACKAGE_STRING ""
| #define PACKAGE_BUGREPORT ""
| #define PACKAGE_URL ""
| #define LINUX 1
| #define O_BINARY 0
| #define HAVE_LIBM 1
| #define HAVE_LIBZ 1
| #define HAVE_LIBJPEG 1
| #define SYSTEM_BACKTICKS 1
| #define HAVE_DIRENT_H 1
| #define STDC_HEADERS 1
| #define HAVE_SYS_TYPES_H 1
| #define HAVE_SYS_STAT_H 1
| #define HAVE_STDLIB_H 1
| #define HAVE_STRING_H 1
| #define HAVE_MEMORY_H 1
| #define HAVE_STRINGS_H 1
| #define HAVE_INTTYPES_H 1
| #define HAVE_STDINT_H 1
| #define HAVE_UNISTD_H 1
| #define HAVE_ZLIB_H 1
| #define HAVE_WCHAR_H 1
| #define HAVE_JPEGLIB_H 1
| #define HAVE_ASSERT_H 1
| #define HAVE_SIGNAL_H 1
| #define HAVE_PTHREAD_H 1
| #define HAVE_SYS_STAT_H 1
| #define HAVE_SYS_MMAN_H 1
| #define HAVE_SYS_TYPES_H 1
| #define HAVE_DIRENT_H 1
| #define HAVE_SYS_DIR_H 1
| #define HAVE_TIME_H 1
| #define HAVE_SYS_TIME_H 1
| #define HAVE_SYS_RESOURCE_H 1
| #define PACKAGE "swftools"
| #define VERSION "2011-01-23-1815"
| #define boolean int
| #define HAVE_POPEN 1
| #define HAVE_WCSCHR 1
| #define HAVE_WCSDUP 1
| #define HAVE_MKSTEMP 1
| #define HAVE_STAT 1
| #define HAVE_MMAP 1
| #define HAVE_LRAND48 1
| #define HAVE_RAND 1
| #define HAVE_SRAND48 1
| #define HAVE_SRAND 1
| #define HAVE_BCOPY 1
| #define HAVE_BZERO 1
| #define HAVE_TIME 1
| #define HAVE_GETRUSAGE 1
| #define HAVE_MALLINFO 1
| #define HAVE_OPEN64 1
| #define HAVE_CALLOC 1
| #define SIZEOF_SIGNED_CHAR 1
| #define SIZEOF_SIGNED_SHORT 2
| #define SIZEOF_SIGNED 4
| #define SIZEOF_SIGNED_LONG_LONG 8
| #define SIZEOF_VOIDP 8
| #define HAVE_FT2BUILD_H 1
| #define HAVE_FREETYPE 1
| #define HAVE_FREETYPE_FREETYPE_H 1
| #define USE_FREETYPE 1
| #define HAVE_FONTCONFIG_H 1
| #define HAVE_FONTCONFIG 1
| #define USE_GZIP 1
| /* end confdefs.h.  */
| #include <ruby.h>
configure:6938: result: no
configure:6938: checking for ruby.h
configure:6938: result: no
configure:6950: checking whether we should compile the ruby module
configure:6988: result: no
configure:7011: checking for missing libraries
configure:7068: result:  ungif gif_lib.h
configure:7074: checking for Python version
configure:7153: result: 
configure:7473: creating ./config.status

## ---------------------- ##
## Running config.status. ##
## ---------------------- ##

This file was extended by config.status, which was
generated by GNU Autoconf 2.68.  Invocation command line was

  CONFIG_FILES    = 
  CONFIG_HEADERS  = 
  CONFIG_LINKS    = 
  CONFIG_COMMANDS = 
  $ ./config.status 

on linux-ne7a

config.status:924: creating Makefile.common
config.status:1027: WARNING:  'Makefile.common.in' seems to ignore the --datarootdir setting
config.status:924: creating Makefile
config.status:924: creating lib/Makefile
config.status:924: creating lib/action/Makefile
config.status:924: creating src/Makefile
config.status:924: creating lib/pdf/Makefile
config.status:924: creating swfs/Makefile
config.status:924: creating lib/readers/Makefile
config.status:924: creating config.h
config.status:1099: config.h is unchanged

## ---------------- ##
## Cache variables. ##
## ---------------- ##

ac_cv_build=x86_64-unknown-linux-gnu
ac_cv_c_compiler_gnu=yes
ac_cv_c_const=yes
ac_cv_c_inline=inline
ac_cv_cxx_compiler_gnu=yes
ac_cv_env_CCC_set=
ac_cv_env_CCC_value=
ac_cv_env_CC_set=
ac_cv_env_CC_value=
ac_cv_env_CFLAGS_set=
ac_cv_env_CFLAGS_value=
ac_cv_env_CPPFLAGS_set=
ac_cv_env_CPPFLAGS_value=
ac_cv_env_CPP_set=
ac_cv_env_CPP_value=
ac_cv_env_CXXCPP_set=
ac_cv_env_CXXCPP_value=
ac_cv_env_CXXFLAGS_set=
ac_cv_env_CXXFLAGS_value=
ac_cv_env_CXX_set=
ac_cv_env_CXX_value=
ac_cv_env_LDFLAGS_set=
ac_cv_env_LDFLAGS_value=
ac_cv_env_LIBS_set=
ac_cv_env_LIBS_value=
ac_cv_env_build_alias_set=
ac_cv_env_build_alias_value=
ac_cv_env_host_alias_set=
ac_cv_env_host_alias_value=
ac_cv_env_target_alias_set=
ac_cv_env_target_alias_value=
ac_cv_func_bcopy=yes
ac_cv_func_bzero=yes
ac_cv_func_calloc=yes
ac_cv_func_getrusage=yes
ac_cv_func_lrand48=yes
ac_cv_func_mallinfo=yes
ac_cv_func_mkstemp=yes
ac_cv_func_mmap=yes
ac_cv_func_open64=yes
ac_cv_func_popen=yes
ac_cv_func_rand=yes
ac_cv_func_srand48=yes
ac_cv_func_srand=yes
ac_cv_func_stat=yes
ac_cv_func_time=yes
ac_cv_func_wcschr=yes
ac_cv_func_wcsdup=yes
ac_cv_header_assert_h=yes
ac_cv_header_dirent_dirent_h=yes
ac_cv_header_dirent_h=yes
ac_cv_header_fftw3_h=no
ac_cv_header_fontconfig_h=yes
ac_cv_header_ft2build_h=yes
ac_cv_header_gif_lib_h=no
ac_cv_header_inttypes_h=yes
ac_cv_header_io_h=no
ac_cv_header_jpeglib_h=yes
ac_cv_header_lame_h=no
ac_cv_header_memory_h=yes
ac_cv_header_ndir_h=no
ac_cv_header_pdflib_h=no
ac_cv_header_pthread_h=yes
ac_cv_header_ruby_h=no
ac_cv_header_signal_h=yes
ac_cv_header_stdc=yes
ac_cv_header_stdint_h=yes
ac_cv_header_stdlib_h=yes
ac_cv_header_string_h=yes
ac_cv_header_strings_h=yes
ac_cv_header_sys_bsdtypes_h=no
ac_cv_header_sys_dir_h=yes
ac_cv_header_sys_mman_h=yes
ac_cv_header_sys_ndir_h=no
ac_cv_header_sys_resource_h=yes
ac_cv_header_sys_stat_h=yes
ac_cv_header_sys_time_h=yes
ac_cv_header_sys_types_h=yes
ac_cv_header_time_h=yes
ac_cv_header_unistd_h=yes
ac_cv_header_wchar_h=yes
ac_cv_header_zlib_h=yes
ac_cv_header_zzip_lib_h=no
ac_cv_host=x86_64-unknown-linux-gnu
ac_cv_lib_fftw3f_fftwf_plan_dft_r2c_2d=no
ac_cv_lib_fontconfig_FcInit=yes
ac_cv_lib_gif_DGifOpen=no
ac_cv_lib_jpeg_jpeg_write_raw_data=yes
ac_cv_lib_m_sin=yes
ac_cv_lib_mp3lame_lame_init=no
ac_cv_lib_pdf_PDF_open_file=no
ac_cv_lib_ungif_DGifOpen=no
ac_cv_lib_z_deflate=yes
ac_cv_lib_zzip_zzip_file_open=no
ac_cv_objext=o
ac_cv_path_EGREP='/usr/bin/grep -E'
ac_cv_path_FREETYPE_CONFIG=/usr/bin/freetype-config
ac_cv_path_GREP=/usr/bin/grep
ac_cv_path_RUBY=/usr/bin/ruby
ac_cv_path_install='/usr/bin/install -c'
ac_cv_prog_CPP='gcc -E'
ac_cv_prog_UNCOMPRESS=gzip
ac_cv_prog_ac_ct_CC=gcc
ac_cv_prog_ac_ct_CXX=g++
ac_cv_prog_ac_ct_RANLIB=ranlib
ac_cv_prog_cc_c89=
ac_cv_prog_cc_g=yes
ac_cv_prog_cxx_g=yes
ac_cv_prog_make_make_set=yes
ac_cv_search_opendir='none required'
ac_cv_sizeof_signed=4
ac_cv_sizeof_signed_char=1
ac_cv_sizeof_signed_long_long=8
ac_cv_sizeof_signed_short=2
ac_cv_sizeof_voidp=8
ac_cv_struct_tm=time.h
ac_cv_target=x86_64-unknown-linux-gnu
ac_cv_type_boolean=no
ac_cv_type_off_t=yes
ac_cv_type_size_t=yes

## ----------------- ##
## Output variables. ##
## ----------------- ##

AR='ar'
AREXT='.a'
AVIFILE_CONFIG=''
CC='gcc'
CFLAGS='-fPIC -Wimplicit -Wreturn-type -Wno-write-strings -Wformat -O -fomit-frame-pointer '
CPP='gcc -E'
CPPFLAGS=' -I/usr/include/freetype2 -I/usr/include/fontconfig'
CXX='g++'
CXXCPP=''
CXXFLAGS='-fPIC -fPIC -Wimplicit -Wreturn-type -Wno-write-strings -Wformat -O -fomit-frame-pointer '
CXXLIBS='-lstdc++'
DEFS='-DHAVE_CONFIG_H'
DEVICE_OPENGL=''
DEVICE_PDF=''
ECHO_C=''
ECHO_N='-n'
ECHO_T=''
EGREP='/usr/bin/grep -E'
EXEEXT=''
FREETYPE_CONFIG='/usr/bin/freetype-config'
GIF2SWF=''
GREP='/usr/bin/grep'
HAVE_PYTHON_IMAGING=''
HAVE_UNISTD_H=''
INSTALL_DATA='${INSTALL} -m 644'
INSTALL_PROGRAM='${INSTALL}'
INSTALL_SCRIPT='${INSTALL}'
JPEG2SWF='jpeg2swf$(E)'
LDFLAGS=' -L/usr/local/lib'
LIBOBJS=''
LIBPDF='libpdf$(A)'
LIBS='-ljpeg -lz -lm  -lz -lfontconfig -lfreetype'
LN_S='ln -s'
LTLIBOBJS=''
OBJEXT='o'
PACKAGE='swftools'
PACKAGE_BUGREPORT=''
PACKAGE_NAME=''
PACKAGE_STRING=''
PACKAGE_TARNAME=''
PACKAGE_URL=''
PACKAGE_VERSION=''
PATH_SEPARATOR=':'
PDF2PDF=''
PDF2SWF='pdf2swf$(E)'
PNG2SWF='png2swf$(E)'
PYTHON_EXECUTABLE=''
PYTHON_INCLUDES=''
PYTHON_INSTALL_PATH=''
PYTHON_LIB=''
RANLIB='ranlib'
RUBY='/usr/bin/ruby'
RUBY_CPPFLAGS=''
RUBY_INSTALLDIR=''
RUBY_LDFLAGS=''
RUBY_LIBS=''
SET_MAKE=''
SHARED='-shared'
SHELL='/bin/sh'
SLEXT='so'
STRIP='@echo debug enabled, not stripping '
SYSTEM_BACKTICKS='1'
UNCOMPRESS='gzip'
USE_GZIP=''
VERSION='2011-01-23-1815'
VIDEO_CFLAGS=''
VIDEO_LIBS=''
WORDS_BIGENDIAN=''
ac_ct_CC='gcc'
ac_ct_CXX='g++'
bindir='${exec_prefix}/bin'
build='x86_64-unknown-linux-gnu'
build_alias=''
build_cpu='x86_64'
build_os='linux-gnu'
build_vendor='unknown'
datadir='${datarootdir}'
datarootdir='${prefix}/share'
docdir='${datarootdir}/doc/${PACKAGE}'
dvidir='${docdir}'
exec_prefix='${prefix}'
host='x86_64-unknown-linux-gnu'
host_alias=''
host_cpu='x86_64'
host_os='linux-gnu'
host_vendor='unknown'
htmldir='${docdir}'
includedir='${prefix}/include'
infodir='${datarootdir}/info'
lame_in_source=''
libdir='${exec_prefix}/lib'
libexecdir='${exec_prefix}/libexec'
localedir='${datarootdir}/locale'
localstatedir='${prefix}/var'
mandir='${datarootdir}/man'
oldincludedir='/usr/include'
pdfdir='${docdir}'
prefix='/usr/local'
program_transform_name='s,x,x,'
psdir='${docdir}'
sbindir='${exec_prefix}/sbin'
sharedstatedir='${prefix}/com'
splash_in_source='$(splash_objects)'
sysconfdir='${prefix}/etc'
target='x86_64-unknown-linux-gnu'
target_alias=''
target_cpu='x86_64'
target_os='linux-gnu'
target_vendor='unknown'
xpdf_in_source='$(xpdf_objects)'
xpdf_include=' -I xpdf '

## ----------- ##
## confdefs.h. ##
## ----------- ##

/* confdefs.h */
#define PACKAGE_NAME ""
#define PACKAGE_TARNAME ""
#define PACKAGE_VERSION ""
#define PACKAGE_STRING ""
#define PACKAGE_BUGREPORT ""
#define PACKAGE_URL ""
#define LINUX 1
#define O_BINARY 0
#define HAVE_LIBM 1
#define HAVE_LIBZ 1
#define HAVE_LIBJPEG 1
#define SYSTEM_BACKTICKS 1
#define HAVE_DIRENT_H 1
#define STDC_HEADERS 1
#define HAVE_SYS_TYPES_H 1
#define HAVE_SYS_STAT_H 1
#define HAVE_STDLIB_H 1
#define HAVE_STRING_H 1
#define HAVE_MEMORY_H 1
#define HAVE_STRINGS_H 1
#define HAVE_INTTYPES_H 1
#define HAVE_STDINT_H 1
#define HAVE_UNISTD_H 1
#define HAVE_ZLIB_H 1
#define HAVE_WCHAR_H 1
#define HAVE_JPEGLIB_H 1
#define HAVE_ASSERT_H 1
#define HAVE_SIGNAL_H 1
#define HAVE_PTHREAD_H 1
#define HAVE_SYS_STAT_H 1
#define HAVE_SYS_MMAN_H 1
#define HAVE_SYS_TYPES_H 1
#define HAVE_DIRENT_H 1
#define HAVE_SYS_DIR_H 1
#define HAVE_TIME_H 1
#define HAVE_SYS_TIME_H 1
#define HAVE_SYS_RESOURCE_H 1
#define PACKAGE "swftools"
#define VERSION "2011-01-23-1815"
#define boolean int
#define HAVE_POPEN 1
#define HAVE_WCSCHR 1
#define HAVE_WCSDUP 1
#define HAVE_MKSTEMP 1
#define HAVE_STAT 1
#define HAVE_MMAP 1
#define HAVE_LRAND48 1
#define HAVE_RAND 1
#define HAVE_SRAND48 1
#define HAVE_SRAND 1
#define HAVE_BCOPY 1
#define HAVE_BZERO 1
#define HAVE_TIME 1
#define HAVE_GETRUSAGE 1
#define HAVE_MALLINFO 1
#define HAVE_OPEN64 1
#define HAVE_CALLOC 1
#define SIZEOF_SIGNED_CHAR 1
#define SIZEOF_SIGNED_SHORT 2
#define SIZEOF_SIGNED 4
#define SIZEOF_SIGNED_LONG_LONG 8
#define SIZEOF_VOIDP 8
#define HAVE_FT2BUILD_H 1
#define HAVE_FREETYPE 1
#define HAVE_FREETYPE_FREETYPE_H 1
#define USE_FREETYPE 1
#define HAVE_FONTCONFIG_H 1
#define HAVE_FONTCONFIG 1
#define USE_GZIP 1

configure: exit 0
